<testsuites id="" name="" tests="38" failures="0" skipped="0" errors="0" time="931.214785">
<testsuite name="testcase\ab_setup.spec.js" timestamp="2025-08-12T09:47:00.173Z" hostname="chromium" tests="1" failures="0" skipped="0" time="38.665" errors="0">
<testcase name="Setup Add Credentials and Upload File Test" classname="testcase\ab_setup.spec.js" time="38.665">
<system-out>
<![CDATA[Starting test: Setup Add Credentials and Upload File Test
✅ Navigation completed
✅ Login completed
✅ Plugin page navigation completed
✅ File upload completed
Starting completeSetup...
Step 1: API checkbox handled
Step 2: Sheet configuration completed
Step 3: Editor access configured
Step 4: Apps Script configured
Step 5: Trigger permissions configured
completeSetup finished successfully
✅ Setup completion finished
Starting finalizeSetup...
✅ Sync link clicked
✅ Congratulations message found
✅ Dashboard link clicked
✅ finalizeSetup completed
✅ Setup finalization completed
✅ Current URL after setup: https://testenv.wppool.dev/wp-admin/admin.php?page=osgsw-admin
✅ Verified we are on a valid WordPress admin page
]]>
</system-out>
</testcase>
</testsuite>
<testsuite name="testcase\createNewOrder.spec.js" timestamp="2025-08-12T09:47:00.173Z" hostname="chromium" tests="2" failures="0" skipped="0" time="278.583" errors="0">
<testcase name="Create New Order through Google Sheet › should create a new order and validate in both systems(Google Sheet &amp; WooCommerce)" classname="testcase\createNewOrder.spec.js" time="53.608">
<system-out>
<![CDATA[Column preferences alert is visible. Attempting to close...
Last Order ID from Sheet: 812
WooCommerce order and Sheet order data matched.
]]>
</system-out>
</testcase>
<testcase name="Create New Order through Google Sheet › should create a new order and validate in both systems without copy billing address" classname="testcase\createNewOrder.spec.js" time="224.975">
<system-out>
<![CDATA[Column preferences alert is visible. Attempting to close...

[[ATTACHMENT|testcase-createNewOrder-Cr-6b6c5-ithout-copy-billing-address-chromium\test-failed-1.png]]

[[ATTACHMENT|testcase-createNewOrder-Cr-6b6c5-ithout-copy-billing-address-chromium\video.webm]]
Column preferences alert is visible. Attempting to close...
Last Order ID from Sheet: 815
WooCommerce order and Sheet order data matched.

[[ATTACHMENT|testcase-createNewOrder-Cr-6b6c5-ithout-copy-billing-address-chromium-retry1\trace.zip]]
]]>
</system-out>
</testcase>
</testsuite>
<testsuite name="testcase\createWcOrder.spec.js" timestamp="2025-08-12T09:47:00.173Z" hostname="chromium" tests="2" failures="0" skipped="0" time="5.704" errors="0">
<testcase name="WooCommerce Order Creation and Validation on Google Sheets › Create a new order using WooCommerce API" classname="testcase\createWcOrder.spec.js" time="4.718">
<system-out>
<![CDATA[Creating order with: {
  payment_method: [32m'cod'[39m,
  payment_method_title: [32m'Cash on Delivery'[39m,
  set_paid: [33mtrue[39m,
  billing: {
    first_name: [32m'Litzy'[39m,
    last_name: [32m'Wehner'[39m,
    address_1: [32m'5861 Sipes Summit'[39m,
    city: [32m'Greensboro'[39m,
    state: [32m'Arizona'[39m,
    postcode: [32m'37844-0606'[39m,
    country: [32m'US'[39m,
    email: [32m'Madelynn.Franecki31@hotmail.com'[39m,
    phone: [32m'992.740.8905'[39m
  },
  shipping: {
    first_name: [32m'Emanuel'[39m,
    last_name: [32m'Tromp'[39m,
    address_1: [32m'838 Green Park'[39m,
    city: [32m'Janaeshire'[39m,
    state: [32m'Connecticut'[39m,
    postcode: [32m'43654-5293'[39m,
    country: [32m'US'[39m
  },
  line_items: [ { product_id: [33m740[39m, quantity: [33m1[39m } ]
}
]]>
</system-out>
</testcase>
<testcase name="WooCommerce Order Creation and Validation on Google Sheets › Verify that the order exists in Google Sheets" classname="testcase\createWcOrder.spec.js" time="0.986">
<system-out>
<![CDATA[Google Sheet data: [
  [
    [32m'125'[39m,
    [32m'Hat_new_update_store (qty: 1,price: 15)'[39m,
    [32m'wc-on-hold'[39m,
    [32m'1'[39m,
    [32m'woo-fashion-hat'[39m,
    [32m'15'[39m,
    [32m'test'[39m,
    [32m'user'[39m,
    [32m'south'[39m,
    [32m'dhaka'[39m,
    [32m''[39m,
    [32m'BD'[39m,
    [32m''[39m,
    [32m''[39m,
    [32m'BD-13'[39m,
    [32m'testuser@gmail.com'[39m,
    [32m''[39m,
    [32m'test'[39m,
    [32m'user'[39m,
    [32m'south'[39m,
    [32m'dhaka'[39m,
    [32m''[39m,
    [32m'BD'[39m,
    [32m''[39m,
    [32m''[39m,
    [32m'BD-13'[39m
  ],
  [
    [32m'126'[39m,
    [32m'Hat_new_update_store (qty: 1,price: 15)'[39m,
    [32m'wc-checkout-draft'[39m,
    [32m'1'[39m,
    [32m'woo-fashion-hat'[39m,
    [32m'15'[39m,
    [32m'test'[39m,
    [32m'user'[39m,
    [32m'south'[39m,
    [32m'dhaka'[39m,
    [32m''[39m,
    [32m'BD'[39m,
    [32m''[39m,
    [32m''[39m,
    [32m'BD-13'[39m,
    [32m'toukir@wppool.dev'[39m,
    [32m''[39m,
    [32m'test'[39m,
    [32m'user'[39m,
    [32m'south'[39m,
    [32m'dhaka'[39m,
    [32m''[39m,
    [32m'BD'[39m,
    [32m''[39m,
    [32m''[39m,
    [32m'BD-13'[39m
  ],
  [
    [32m'134'[39m,
    [32m'Belt (qty: 4,price: 220)'[39m,
    [32m'wc-pending'[39m,
    [32m'4'[39m,
    [32m'woo-belt'[39m,
    [32m'220'[39m,
    [32m'test'[39m,
    [32m'user'[39m,
    [32m'south'[39m,
    [32m'dhaka'[39m,
    [32m''[39m,
    [32m'BD'[39m,
    [32m''[39m,
    [32m''[39m,
    [32m'BD-13'[39m,
    [32m'vendor@gmail.com'[39m,
    [32m''[39m,
    [32m'test'[39m,
    [32m'user'[39m,
    [32m'south'[39m,
    [32m'dhaka'[39m,
    [32m''[39m,
    [32m'BD'[39m,
    [32m''[39m,
    [32m''[39m,
    [32m'BD-13'[39m
  ],
  [
    [32m'135'[39m,
    [32m'Belt (qty: 4,price: 220)'[39m,
    [32m'wc-on-hold'[39m,
    [32m'4'[39m,
    [32m'woo-belt'[39m,
    [32m'220'[39m,
    [32m'test'[39m,
    [32m'user'[39m,
    [32m'south'[39m,
    [32m'dhaka'[39m,
    [32m''[39m,
    [32m'BD'[39m,
    [32m''[39m,
    [32m''[39m,
    [32m'BD-13'[39m,
    [32m'vendor@gmail.com'[39m,
    [32m''[39m,
    [32m'test'[39m,
    [32m'user'[39m,
    [32m'south'[39m,
    [32m'dhaka'[39m,
    [32m''[39m,
    [32m'BD'[39m,
    [32m''[39m,
    [32m''[39m,
    [32m'BD-13'[39m
  ],
  [
    [32m'138'[39m,
    [32m'Belt (qty: 1,price: 55)'[39m,
    [32m'wc-completed'[39m,
    [32m'1'[39m,
    [32m'woo-belt'[39m,
    [32m'55'[39m,
    [32m'test'[39m,
    [32m'user'[39m,
    [32m'south'[39m,
    [32m'dhaka'[39m,
    [32m''[39m,
    [32m'BD'[39m,
    [32m''[39m,
    [32m''[39m,
    [32m'BD-13'[39m,
    [32m'vendor@gmail.com'[39m,
    [32m''[39m,
    [32m'test'[39m,
    [32m'user'[39m,
    [32m'south'[39m,
    [32m'dhaka'[39m,
    [32m''[39m,
    [32m'BD'[39m,
    [32m''[39m,
    [32m''[39m,
    [32m'BD-13'[39m
  ],
  [
    [32m'141'[39m,
    [32m'Cap (qty: 5,price: 80)'[39m,
    [32m'wc-completed'[39m,
    [32m'5'[39m,
    [32m'woo-cap'[39m,
    [32m'80'[39m,
    [32m'test'[39m,
    [32m'user'[39m,
    [32m'south'[39m,
    [32m'dhaka'[39m,
    [32m''[39m,
    [32m'BD'[39m,
    [32m''[39m,
    [32m''[39m,
    [32m'BD-13'[39m,
    [32m'vendor@gmail.com'[39m,
    [32m''[39m,
    [32m'test'[39m,
    [32m'user'[39m,
    [32m'south'[39m,
    [32m'dhaka'[39m,
    [32m''[39m,
    [32m'BD'[39m,
    [32m''[39m,
    [32m''[39m,
    [32m'BD-13'[39m
  ],
  [
    [32m'142'[39m,
    [32m'Cap (qty: 18,price: 288)'[39m,
    [32m'wc-pending'[39m,
    [32m'18'[39m,
    [32m'woo-cap'[39m,
    [32m'288'[39m,
    [32m'test'[39m,
    [32m'user'[39m,
    [32m'south'[39m,
    [32m'dhaka'[39m,
    [32m''[39m,
    [32m'BD'[39m,
    [32m''[39m,
    [32m''[39m,
    [32m'BD-13'[39m,
    [32m'vendor@gmail.com'[39m,
    [32m''[39m,
    [32m'test'[39m,
    [32m'user'[39m,
    [32m'south'[39m,
    [32m'dhaka'[39m,
    [32m''[39m,
    [32m'BD'[39m,
    [32m''[39m,
    [32m''[39m,
    [32m'BD-13'[39m
  ],
  [
    [32m'143'[39m,
    [32m'Cap (qty: 5,price: 80)'[39m,
    [32m'wc-on-hold'[39m,
    [32m'5'[39m,
    [32m'woo-cap'[39m,
    [32m'80'[39m,
    [32m'test'[39m,
    [32m'user'[39m,
    [32m'south'[39m,
    [32m'dhaka'[39m,
    [32m''[39m,
    [32m'BD'[39m,
    [32m''[39m,
    [32m''[39m,
    [32m'BD-13'[39m,
    [32m'vendor@gmail.com'[39m,
    [32m''[39m,
    [32m'test'[39m,
    [32m'user'[39m,
    [32m'south'[39m,
    [32m'dhaka'[39m,
    [32m''[39m,
    [32m'BD'[39m,
    [32m''[39m,
    [32m''[39m,
    [32m'BD-13'[39m
  ],
  [
    [32m'146'[39m,
    [32m'Cap (qty: 4,price: 64)'[39m,
    [32m'wc-cancelled'[39m,
    [32m'4'[39m,
    [32m'woo-cap'[39m,
    [32m'64'[39m,
    [32m'Emma'[39m,
    [32m'Brown'[39m,
    [32m'170 Market St'[39m,
    [32m'Chicago'[39m,
    [32m'123350'[39m,
    [32m'CA'[39m,
    [32m'Apt 48396'[39m,
    [32m''[39m,
    [32m'BC'[39m,
    [32m'emma.brown4181088@example.com'[39m,
    [32m'(7811) 2328-9897162'[39m,
    [32m'Emma'[39m,
    [32m'Brown'[39m,
    [32m'170 Market St'[39m,
    [32m'Chicago'[39m,
    [32m'123350'[39m,
    [32m'CA'[39m,
    [32m'Apt 48396'[39m,
    [32m''[39m,
    [32m'BC'[39m
  ],
  [
    [32m'147'[39m,
    [32m'Shirt - Cream (qty: 4,price: 100)| Logo Collection (qty: 1,price: 18)| Sunglasses (qty: 5,price: 450)| Beanie (qty: 3,price: 54)'[39m,
    [32m'wc-refunded'[39m,
    [32m'13'[39m,
    [32m'woo-fashion-shirt-cream| logo-collection| woo-sunglasses| woo-beanie|'[39m,
    [32m'641'[39m,
    [32m'John'[39m,
    [32m'Smith'[39m,
    [32m'3024 Market St'[39m,
    [32m'Chicago'[39m,
    [32m'438743'[39m,
    [32m'AU'[39m,
    [32m''[39m,
    [32m''[39m,
    [32m'NSW'[39m,
    [32m'john.smith4228391@example.com'[39m,
    [32m'(9653) 4295-6463205'[39m,
    [32m'John'[39m,
    [32m'Smith'[39m,
    [32m'3024 Market St'[39m,
    [32m'Chicago'[39m,
    [32m'438743'[39m,
    [32m'AU'[39m,
    [32m''[39m,
    [32m''[39m,
    [32m'NSW'[39m
  ],
  [
    [32m'148'[39m,
    [32m'Shirt (qty: 2,price: 36)| Cap (qty: 5,price: 80)'[39m,
    [32m'wc-completed'[39m,
    [32m'7'[39m,
    [32m'woo-fashion-shirt| woo-cap|'[39m,
    [32m'124'[39m,
    [32m'Michael'[39m,
    [32m'Brown'[39m,
    [32m'3601 Market St'[39m,
    [32m'Chicago'[39m,
    [32m'344562'[39m,
    [32m'US'[39m,
    [32m''[39m,
    [32m''[39m,
    [32m'FL'[39m,
    [32m'michael.brown9164272@example.com'[39m,
    [32m'(8783) 5970-8006691'[39m,
    [32m'Michael'[39m,
    [32m'Brown'[39m,
    [32m'3601 Market St'[39m,
    [32m'Chicago'[39m,
    [32m'344562'[39m,
    [32m'US'[39m,
    [32m''[39m,
    [32m''[39m,
    [32m'FL'[39m
  ],
  [
    [32m'149'[39m,
    [32m'Jacket (qty: 3,price: 75)| Shirt (qty: 4,price: 72)'[39m,
    [32m'wc-completed'[39m,
    [32m'7'[39m,
    [32m'woo-fashion-jacket| woo-fashion-shirt|'[39m,
    [32m'170'[39m,
    [32m'Jane'[39m,
    [32m'Johnson'[39m,
    [32m'3115 Main St'[39m,
    [32m'New York'[39m,
    [32m'439393'[39m,
    [32m'GB'[39m,
    [32m'Apt 24663'[39m,
    [32m''[39m,
    [32m'LND'[39m,
    [32m'jane.johnson2009143@example.com'[39m,
    [32m'(4756) 6133-6705744'[39m,
    [32m'Jane'[39m,
    [32m'Johnson'[39m,
    [32m'3115 Main St'[39m,
    [32m'New York'[39m,
    [32m'439393'[39m,
    [32m'GB'[39m,
    [32m'Apt 24663'[39m,
    [32m''[39m,
    [32m'LND'[39m
  ],
  [
    [32m'150'[39m,
    [32m'Shirt - Green (qty: 2,price: 40)| Sunglasses (qty: 1,price: 90)'[39m,
    [32m'wc-completed'[39m,
    [32m'3'[39m,
    [32m'woo-fashion-shirt-green| woo-sunglasses|'[39m,
    [32m'130'[39m,
    [32m'Emma'[39m,
    [32m'Jones'[39m,
    [32m'3712 Main St'[39m,
    [32m'Los Angeles'[39m,
    [32m'718574'[39m,
    [32m'GB'[39m,
    [32m''[39m,
    [32m''[39m,
    [32m'LND'[39m,
    [32m'emma.jones4735078@example.com'[39m,
    [32m'(9862) 2746-6788465'[39m,
    [32m'Emma'[39m,
    [32m'Jones'[39m,
    [32m'3712 Main St'[39m,
    [32m'Los Angeles'[39m,
    [32m'718574'[39m,
    [32m'GB'[39m,
    [32m''[39m,
    [32m''[39m,
    [32m'LND'[39m
  ],
  [
    [32m'151'[39m,
    [32m'Logo Collection (qty: 3,price: 54)'[39m,
    [32m'wc-completed'[39m,
    [32m'3'[39m,
    [32m'logo-collection'[39m,
    [32m'68'[39m,
    [32m'John'[39m,
    [32m'Smith'[39m,
    [32m'6862 Oak Ave'[39m,
    [32m'Houston'[39m,
    [32m'938623'[39m,
    [32m'AU'[39m,
    [32m'Apt 26508'[39m,
    [32m''[39m,
    [32m'VIC'[39m,
    [32m'john.smith135904@example.com'[39m,
    [32m'(5940) 8227-4762972'[39m,
    [32m'John'[39m,
    [32m'Smith'[39m,
    [32m'6862 Oak Ave'[39m,
    [32m'Houston'[39m,
    [32m'938623'[39m,
    [32m'AU'[39m,
    [32m'Apt 26508'[39m,
    [32m''[39m,
    [32m'VIC'[39m
  ],
  [
    [32m'152'[39m,
    [32m'Sunglasses (qty: 4,price: 360)'[39m,
    [32m'wc-completed'[39m,
    [32m'4'[39m,
    [32m'woo-sunglasses'[39m,
    [32m'365'[39m,
    [32m'David'[39m,
    [32m'Garcia'[39m,
    [32m'8291 Market St'[39m,
    [32m'Chicago'[39m,
    [32m'563039'[39m,
    [32m'CA'[39m,
    [32m''[39m,
    [32m''[39m,
    [32m'BC'[39m,
    [32m'david.garcia9916365@example.com'[39m,
    [32m'(8746) 2591-3951270'[39m,
    [32m'David'[39m,
    [32m'Garcia'[39m,
    [32m'8291 Market St'[39m,
    [32m'Chicago'[39m,
    [32m'563039'[39m,
    [32m'CA'[39m,
    [32m''[39m,
    [32m''[39m,
    [32m'BC'[39m
  ],
  [
    [32m'153'[39m,
    [32m'Jacket (qty: 3,price: 75)| Shirt (qty: 3,price: 54)| Belt (qty: 1,price: 55)| T-Shirt (qty: 4,price: 72)'[39m,
    [32m'wc-completed'[39m,
    [32m'11'[39m,
    [32m'woo-fashion-jacket| woo-fashion-shirt| woo-belt| woo-tshirt|'[39m,
    [32m'256'[39m,
    [32m'Emma'[39m,
    [32m'Jones'[39m,
    [32m'324 Main St'[39m,
    [32m'Chicago'[39m,
    [32m'272688'[39m,
    [32m'AU'[39m,
    [32m'Apt 44781'[39m,
    [32m''[39m,
    [32m'WA'[39m,
    [32m'emma.jones1430043@example.com'[39m,
    [32m'(7502) 5168-8928059'[39m,
    [32m'Emma'[39m,
    [32m'Jones'[39m,
    [32m'324 Main St'[39m,
    [32m'Chicago'[39m,
    [32m'272688'[39m,
    [32m'AU'[39m,
    [32m'Apt 44781'[39m,
    [32m''[39m,
    [32m'WA'[39m
  ],
  [
    [32m'154'[39m,
    [32m'Football Net (qty: 5,price: 600)| Jacket (qty: 1,price: 25)| Socks (qty: 4,price: 400)| Cap (qty: 2,price: 32)'[39m,
    [32m'wc-completed'[39m,
    [32m'12'[39m,
    [32m'FN030291| woo-fashion-jacket| woo-fashion-socks| woo-cap|'[39m,
    [32m'1084'[39m,
    [32m'Michael'[39m,
    [32m'Johnson'[39m,
    [32m'4647 Market St'[39m,
    [32m'Chicago'[39m,
    [32m'532708'[39m,
    [32m'CA'[39m,
    [32m''[39m,
    [32m''[39m,
    [32m'ON'[39m,
    [32m'michael.johnson5563664@example.com'[39m,
    [32m'(9636) 2325-6415412'[39m,
    [32m'Michael'[39m,
    [32m'Johnson'[39m,
    [32m'4647 Market St'[39m,
    [32m'Chicago'[39m,
    [32m'532708'[39m,
    [32m'CA'[39m,
    [32m''[39m,
    [32m''[39m,
    [32m'ON'[39m
  ],
  [
    [32m'155'[39m,
    [32m'Shoes_updatefrom vgs (qty: 3,price: 54)| Polo (qty: 3,price: 60)'[39m,
    [32m'wc-processing'[39m,
    [32m'6'[39m,
    [32m'woo-fashion-shoes| woo-polo|'[39m,
    [32m'136'[39m,
    [32m'John'[39m,
    [32m'Smith'[39m,
    [32m'4851 Main St'[39m,
    [32m'Houston'[39m,
    [32m'869141'[39m,
    [32m'GB'[39m,
    [32m'Apt 46109'[39m,
    [32m''[39m,
    [32m'BKM'[39m,
    [32m'john.smith7269833@example.com'[39m,
    [32m'(5097) 2530-5627309'[39m,
    [32m'John'[39m,
    [32m'Smith'[39m,
    [32m'4851 Main St'[39m,
    [32m'Houston'[39m,
    [32m'869141'[39m,
    [32m'GB'[39m,
    [32m'Apt 46109'[39m,
    [32m''[39m,
    [32m'BKM'[39m
  ],
  [
    [32m'156'[39m,
    [32m'Logo Collection (qty: 2,price: 36)| T-Shirt (qty: 1,price: 18)'[39m,
    [32m'wc-completed'[39m,
    [32m'3'[39m,
    [32m'logo-collection| woo-tshirt|'[39m,
    [32m'69'[39m,
    [32m'Emma'[39m,
    [32m'Johnson'[39m,
    [32m'4024 Main St'[39m,
    [32m'Houston'[39m,
    [32m'893916'[39m,
    [32m'US'[39m,
    [32m'Apt 22296'[39m,
    [32m''[39m,
    [32m'CA'[39m,
    [32m'emma.johnson2349404@example.com'[39m,
    [32m'(2843) 9147-9223859'[39m,
    [32m'Emma'[39m,
    [32m'Johnson'[39m,
    [32m'4024 Main St'[39m,
    [32m'Houston'[39m,
    [32m'893916'[39m,
    [32m'US'[39m,
    [32m'Apt 22296'[39m,
    [32m''[39m,
    [32m'CA'[39m
  ],
  [
    [32m'157'[39m,
    [32m'Hat_new_update_store (qty: 2,price: 30)| Jacket (qty: 1,price: 25)'[39m,
    [32m'wc-completed'[39m,
    [32m'3'[39m,
    [32m'woo-fashion-hat| woo-fashion-jacket|'[39m,
    [32m'73'[39m,
    [32m'Sarah'[39m,
    [32m'Garcia'[39m,
    [32m'3046 Market St'[39m,
    [32m'New York'[39m,
    [32m'172097'[39m,
    [32m'GB'[39m,
    [32m'Apt 96385'[39m,
    [32m''[39m,
    [32m'KNT'[39m,
    [32m'sarah.garcia7519643@example.com'[39m,
    [32m'(6763) 6947-3481580'[39m,
    [32m'Sarah'[39m,
    [32m'Garcia'[39m,
    [32m'3046 Market St'[39m,
    [32m'New York'[39m,
    [32m'172097'[39m,
    [32m'GB'[39m,
    [32m'Apt 96385'[39m,
    [32m''[39m,
    [32m'KNT'[39m
  ],
  [
    [32m'158'[39m,
    [32m'Shoes_updatefrom vgs (qty: 5,price: 90)| Sunglasses (qty: 4,price: 360)'[39m,
    [32m'wc-completed'[39m,
    [32m'9'[39m,
    [32m'woo-fashion-shoes| woo-sunglasses|'[39m,
    [32m'469'[39m,
    [32m'Emma'[39m,
    [32m'Garcia'[39m,
    [32m'4352 Main St'[39m,
    [32m'New York'[39m,
    [32m'415285'[39m,
    [32m'US'[39m,
    [32m'Apt 85358'[39m,
    [32m''[39m,
    [32m'NY'[39m,
    [32m'emma.garcia4368086@example.com'[39m,
    [32m'(4909) 7345-6238235'[39m,
    [32m'Emma'[39m,
    [32m'Garcia'[39m,
    [32m'4352 Main St'[39m,
    [32m'New York'[39m,
    [32m'415285'[39m,
    [32m'US'[39m,
    [32m'Apt 85358'[39m,
    [32m''[39m,
    [32m'NY'[39m
  ],
  [
    [32m'159'[39m,
    [32m'Football Net (qty: 3,price: 360)| Cap (qty: 3,price: 48)'[39m,
    [32m'wc-refunded'[39m,
    [32m'6'[39m,
    [32m'FN030291| woo-cap|'[39m,
    [32m'424'[39m,
    [32m'Michael'[39m,
    [32m'Jones'[39m,
    [32m'7974 Market St'[39m,
    [32m'Houston'[39m,
    [32m'428348'[39m,
    [32m'GB'[39m,
    [32m''[39m,
    [32m''[39m,
    [32m'LND'[39m,
    [32m'michael.jones7735882@example.com'[39m,
    [32m'(4293) 3498-8285888'[39m,
    [32m'Michael'[39m,
    [32m'Jones'[39m,
    [32m'7974 Market St'[39m,
    [32m'Houston'[39m,
    [32m'428348'[39m,
    [32m'GB'[39m,
    [32m''[39m,
    [32m''[39m,
    [32m'LND'[39m
  ],
  [
    [32m'160'[39m,
    [32m'New product from GS (qty: 5,price: 750)| Polo (qty: 5,price: 100)| Cap (qty: 5,price: 80)'[39m,
    [32m'wc-processing'[39m,
    [32m'15'[39m,
    [32m'** No SKU Found **| woo-polo| woo-cap|'[39m,
    [32m'950'[39m,
    [32m'Jane'[39m,
    [32m'Johnson'[39m,
    [32m'4113 Main St'[39m,
    [32m'New York'[39m,
    [32m'115768'[39m,
    [32m'CA'[39m,
    [32m'Apt 91724'[39m,
    [32m''[39m,
    [32m'QC'[39m,
    [32m'jane.johnson3474764@example.com'[39m,
    [32m'(8575) 2153-1490779'[39m,
    [32m'Jane'[39m,
    [32m'Johnson'[39m,
    [32m'4113 Main St'[39m,
    [32m'New York'[39m,
    [32m'115768'[39m,
    [32m'CA'[39m,
    [32m'Apt 91724'[39m,
    [32m''[39m,
    [32m'QC'[39m
  ],
  [
    [32m'161'[39m,
    [32m'New product from GS (qty: 2,price: 300)| Sunglasses (qty: 3,price: 270)'[39m,
    [32m'wc-processing'[39m,
    [32m'5'[39m,
    [32m'** No SKU Found **| woo-sunglasses|'[39m,
    [32m'578'[39m,
    [32m'Sarah'[39m,
    [32m'Brown'[39m,
    [32m'4707 Main St'[39m,
    [32m'Chicago'[39m,
    [32m'777018'[39m,
    [32m'CA'[39m,
    [32m''[39m,
    [32m''[39m,
    [32m'QC'[39m,
    [32m'sarah.brown7829734@example.com'[39m,
    [32m'(4336) 5422-4569535'[39m,
    [32m'Sarah'[39m,
    [32m'Brown'[39m,
    [32m'4707 Main St'[39m,
    [32m'Chicago'[39m,
    [32m'777018'[39m,
    [32m'CA'[39m,
    [32m''[39m,
    [32m''[39m,
    [32m'QC'[39m
  ],
  [
    [32m'162'[39m,
    [32m'T-Shirt (qty: 4,price: 72)'[39m,
    [32m'wc-completed'[39m,
    [32m'4'[39m,
    [32m'woo-tshirt'[39m,
    [32m'87'[39m,
    [32m'John'[39m,
    [32m'Brown'[39m,
    [32m'3420 Market St'[39m,
    [32m'Chicago'[39m,
    [32m'474744'[39m,
    [32m'AU'[39m,
    [32m''[39m,
    [32m''[39m,
    [32m'WA'[39m,
    [32m'john.brown9829786@example.com'[39m,
    [32m'(7083) 3538-552102'[39m,
    [32m'John'[39m,
    [32m'Brown'[39m,
    [32m'3420 Market St'[39m,
    [32m'Chicago'[39m,
    [32m'474744'[39m,
    [32m'AU'[39m,
    [32m''[39m,
    [32m''[39m,
    [32m'WA'[39m
  ],
  [
    [32m'163'[39m,
    [32m'Shirt - Green (qty: 1,price: 20)| Shoes_updatefrom vgs (qty: 5,price: 90)| Logo Collection (qty: 2,price: 36)| Cap (qty: 2,price: 32)'[39m,
    [32m'wc-completed'[39m,
    [32m'10'[39m,
    [32m'woo-fashion-shirt-green| woo-fashion-shoes| logo-collection| woo-cap|'[39m,
    [32m'208'[39m,
    [32m'Emma'[39m,
    [32m'Jones'[39m,
    [32m'694 Main St'[39m,
    [32m'Los Angeles'[39m,
    [32m'430128'[39m,
    [32m'CA'[39m,
    [32m''[39m,
    [32m''[39m,
    [32m'QC'[39m,
    [32m'emma.jones669391@example.com'[39m,
    [32m'(2905) 8920-5301075'[39m,
    [32m'Emma'[39m,
    [32m'Jones'[39m,
    [32m'694 Main St'[39m,
    [32m'Los Angeles'[39m,
    [32m'430128'[39m,
    [32m'CA'[39m,
    [32m''[39m,
    [32m''[39m,
    [32m'QC'[39m
  ],
  [
    [32m'164'[39m,
    [32m'New product from GS (qty: 5,price: 750)| Hat_new_update_store (qty: 2,price: 30)| Shirt - Green (qty: 4,price: 80)| Shoes_updatefrom vgs (qty: 4,price: 72)'[39m,
    [32m'wc-completed'[39m,
    [32m'15'[39m,
    [32m'** No SKU Found **| woo-fashion-hat| woo-fashion-shirt-green| woo-fashion-shoes|'[39m,
    [32m'932'[39m,
    [32m'Emma'[39m,
    [32m'Brown'[39m,
    [32m'1097 Main St'[39m,
    [32m'New York'[39m,
    [32m'228522'[39m,
    [32m'AU'[39m,
    [32m''[39m,
    [32m''[39m,
    [32m'WA'[39m,
    [32m'emma.brown8659517@example.com'[39m,
    [32m'(5561) 8760-3320004'[39m,
    [32m'Emma'[39m,
    [32m'Brown'[39m,
    [32m'1097 Main St'[39m,
    [32m'New York'[39m,
    [32m'228522'[39m,
    [32m'AU'[39m,
    [32m''[39m,
    [32m''[39m,
    [32m'WA'[39m
  ],
  [
    [32m'165'[39m,
    [32m'Shirt - Cream (qty: 2,price: 50)'[39m,
    [32m'wc-completed'[39m,
    [32m'2'[39m,
    [32m'woo-fashion-shirt-cream'[39m,
    [32m'57'[39m,
    [32m'David'[39m,
    [32m'Williams'[39m,
    [32m'2145 Market St'[39m,
    [32m'Chicago'[39m,
    [32m'618058'[39m,
    [32m'GB'[39m,
    [32m''[39m,
    [32m''[39m,
    [32m'BKM'[39m,
    [32m'david.williams9349306@example.com'[39m,
    [32m'(3005) 5323-7852604'[39m,
    [32m'David'[39m,
    [32m'Williams'[39m,
    [32m'2145 Market St'[39m,
    [32m'Chicago'[39m,
    [32m'618058'[39m,
    [32m'GB'[39m,
    [32m''[39m,
    [32m''[39m,
    [32m'BKM'[39m
  ],
  [
    [32m'166'[39m,
    [32m'** No Products **'[39m,
    [32m'wc-processing'[39m,
    [32m''[39m,
    [32m'** SKU is Empty **'[39m,
    [32m'0'[39m,
    [32m'Michael'[39m,
    [32m'Brown'[39m,
    [32m'9847 Market St'[39m,
    [32m'Los Angeles'[39m,
    [32m'437643'[39m,
    [32m'AU'[39m,
    [32m''[39m,
    [32m''[39m,
    [32m'WA'[39m,
    [32m'michael.brown2043417@example.com'[39m,
    [32m'(5614) 2731-4439456'[39m,
    [32m'Michael'[39m,
    [32m'Brown'[39m,
    [32m'9847 Market St'[39m,
    [32m'Los Angeles'[39m,
    [32m'437643'[39m,
    [32m'AU'[39m,
    [32m''[39m,
    [32m''[39m,
    [32m'WA'[39m
  ],
  [
    [32m'167'[39m,
    [32m'Jacket (qty: 3,price: 75)| Shoes_updatefrom vgs (qty: 3,price: 54)| Shirt - Cream (qty: 3,price: 75)| Beanie (qty: 3,price: 54)'[39m,
    [32m'wc-completed'[39m,
    [32m'12'[39m,
    [32m'woo-fashion-jacket| woo-fashion-shoes| woo-fashion-shirt-cream| woo-beanie|'[39m,
    [32m'267'[39m,
    [32m'Sarah'[39m,
    [32m'Williams'[39m,
    [32m'1152 Main St'[39m,
    [32m'New York'[39m,
    [32m'585095'[39m,
    [32m'AU'[39m,
    [32m'Apt 86406'[39m,
    [32m''[39m,
    [32m'QLD'[39m,
    [32m'sarah.williams5911849@example.com'[39m,
    [32m'(5074) 7542-3916463'[39m,
    [32m'Sarah'[39m,
    [32m'Williams'[39m,
    [32m'1152 Main St'[39m,
    [32m'New York'[39m,
    [32m'585095'[39m,
    [32m'AU'[39m,
    [32m'Apt 86406'[39m,
    [32m''[39m,
    [32m'QLD'[39m
  ],
  [
    [32m'168'[39m,
    [32m'Shirt - Green (qty: 5,price: 100)| Shirt - Cream (qty: 3,price: 75)'[39m,
    [32m'wc-completed'[39m,
    [32m'8'[39m,
    [32m'woo-fashion-shirt-green| woo-fashion-shirt-cream|'[39m,
    [32m'175'[39m,
    [32m'Sarah'[39m,
    [32m'Smith'[39m,
    [32m'2497 Main St'[39m,
    [32m'Houston'[39m,
    [32m'338403'[39m,
    [32m'US'[39m,
    [32m''[39m,
    [32m''[39m,
    [32m'NY'[39m,
    [32m'sarah.smith30116@example.com'[39m,
    [32m'(4997) 8727-4710764'[39m,
    [32m'Sarah'[39m,
    [32m'Smith'[39m,
    [32m'2497 Main St'[39m,
    [32m'Houston'[39m,
    [32m'338403'[39m,
    [32m'US'[39m,
    [32m''[39m,
    [32m''[39m,
    [32m'NY'[39m
  ],
  [
    [32m'169'[39m,
    [32m'Shirt (qty: 2,price: 36)| Polo (qty: 5,price: 100)| T-Shirt (qty: 2,price: 36)'[39m,
    [32m'wc-processing'[39m,
    [32m'9'[39m,
    [32m'woo-fashion-shirt| woo-polo| woo-tshirt|'[39m,
    [32m'172'[39m,
    [32m'Sarah'[39m,
    [32m'Johnson'[39m,
    [32m'8870 Oak Ave'[39m,
    [32m'Chicago'[39m,
    [32m'812683'[39m,
    [32m'US'[39m,
    [32m'Apt 30477'[39m,
    [32m''[39m,
    [32m'FL'[39m,
    [32m'sarah.johnson9582111@example.com'[39m,
    [32m'(9159) 7668-3223395'[39m,
    [32m'Sarah'[39m,
    [32m'Johnson'[39m,
    [32m'8870 Oak Ave'[39m,
    [32m'Chicago'[39m,
    [32m'812683'[39m,
    [32m'US'[39m,
    [32m'Apt 30477'[39m,
    [32m''[39m,
    [32m'FL'[39m
  ],
  [
    [32m'170'[39m,
    [32m'Shirt - Cream (qty: 1,price: 25)| Sunglasses (qty: 1,price: 90)'[39m,
    [32m'wc-completed'[39m,
    [32m'2'[39m,
    [32m'woo-fashion-shirt-cream| woo-sunglasses|'[39m,
    [32m'145'[39m,
    [32m'Sarah'[39m,
    [32m'Brown'[39m,
    [32m'7376 Main St'[39m,
    [32m'Los Angeles'[39m,
    [32m'857545'[39m,
    [32m'CA'[39m,
    [32m'Apt 51172'[39m,
    [32m''[39m,
    [32m'ON'[39m,
    [32m'sarah.brown4034158@example.com'[39m,
    [32m'(8797) 5868-4868278'[39m,
    [32m'Sarah'[39m,
    [32m'Brown'[39m,
    [32m'7376 Main St'[39m,
    [32m'Los Angeles'[39m,
    [32m'857545'[39m,
    [32m'CA'[39m,
    [32m'Apt 51172'[39m,
    [32m''[39m,
    [32m'ON'[39m
  ],
  [
    [32m'171'[39m,
    [32m'Logo Collection (qty: 3,price: 54)'[39m,
    [32m'wc-processing'[39m,
    [32m'3'[39m,
    [32m'logo-collection'[39m,
    [32m'77'[39m,
    [32m'Emma'[39m,
    [32m'Williams'[39m,
    [32m'5425 Oak Ave'[39m,
    [32m'Los Angeles'[39m,
    [32m'962758'[39m,
    [32m'US'[39m,
    [32m''[39m,
    [32m''[39m,
    [32m'IL'[39m,
    [32m'emma.williams7880154@example.com'[39m,
    [32m'(3965) 3066-1510670'[39m,
    [32m'Emma'[39m,
    [32m'Williams'[39m,
    [32m'5425 Oak Ave'[39m,
    [32m'Los Angeles'[39m,
    [32m'962758'[39m,
    [32m'US'[39m,
    [32m''[39m,
    [32m''[39m,
    [32m'IL'[39m
  ],
  [
    [32m'172'[39m,
    [32m'Football Net (qty: 4,price: 480)| Shoes_updatefrom vgs (qty: 4,price: 72)| Socks (qty: 5,price: 500)| T-Shirt (qty: 5,price: 90)'[39m,
    [32m'wc-processing'[39m,
    [32m'18'[39m,
    [32m'FN030291| woo-fashion-shoes| woo-fashion-socks| woo-tshirt|'[39m,
    [32m'1142'[39m,
    [32m'Michael'[39m,
    [32m'Johnson'[39m,
    [32m'7633 Oak Ave'[39m,
    [32m'Chicago'[39m,
    [32m'163597'[39m,
    [32m'CA'[39m,
    [32m''[39m,
    [32m''[39m,
    [32m'ON'[39m,
    [32m'michael.johnson5127632@example.com'[39m,
    [32m'(9304) 9010-4033832'[39m,
    [32m'Michael'[39m,
    [32m'Johnson'[39m,
    [32m'7633 Oak Ave'[39m,
    [32m'Chicago'[39m,
    [32m'163597'[39m,
    [32m'CA'[39m,
    [32m''[39m,
    [32m''[39m,
    [32m'ON'[39m
  ],
  [
    [32m'173'[39m,
    [32m'Shirt - Cream (qty: 4,price: 100)'[39m,
    [32m'wc-refunded'[39m,
    [32m'4'[39m,
    [32m'woo-fashion-shirt-cream'[39m,
    [32m'113'[39m,
    [32m'David'[39m,
    [32m'Brown'[39m,
    [32m'5987 Main St'[39m,
    [32m'Houston'[39m,
    [32m'725196'[39m,
    [32m'CA'[39m,
    [32m''[39m,
    [32m''[39m,
    [32m'AB'[39m,
    [32m'david.brown9628152@example.com'[39m,
    [32m'(6451) 9903-3071639'[39m,
    [32m'David'[39m,
    [32m'Brown'[39m,
    [32m'5987 Main St'[39m,
    [32m'Houston'[39m,
    [32m'725196'[39m,
    [32m'CA'[39m,
    [32m''[39m,
    [32m''[39m,
    [32m'AB'[39m
  ],
  [
    [32m'174'[39m,
    [32m'new variable (qty: 3,price: 300)| Belt (qty: 5,price: 275)'[39m,
    [32m'wc-cancelled'[39m,
    [32m'8'[39m,
    [32m'** No SKU Found **| woo-belt|'[39m,
    [32m'601'[39m,
    [32m'Sarah'[39m,
    [32m'Brown'[39m,
    [32m'995 Market St'[39m,
    [32m'Houston'[39m,
    [32m'192105'[39m,
    [32m'US'[39m,
    [32m'Apt 74804'[39m,
    [32m''[39m,
    [32m'NY'[39m,
    [32m'sarah.brown702283@example.com'[39m,
    [32m'(7923) 4762-5946121'[39m,
    [32m'Sarah'[39m,
    [32m'Brown'[39m,
    [32m'995 Market St'[39m,
    [32m'Houston'[39m,
    [32m'192105'[39m,
    [32m'US'[39m,
    [32m'Apt 74804'[39m,
    [32m''[39m,
    [32m'NY'[39m
  ],
  [
    [32m'175'[39m,
    [32m'Shoes_updatefrom vgs (qty: 4,price: 72)| Shirt - Cream (qty: 3,price: 75)| Socks (qty: 3,price: 300)| Polo (qty: 3,price: 60)'[39m,
    [32m'wc-completed'[39m,
    [32m'13'[39m,
    [32m'woo-fashion-shoes| woo-fashion-shirt-cream| woo-fashion-socks| woo-polo|'[39m,
    [32m'513'[39m,
    [32m'David'[39m,
    [32m'Brown'[39m,
    [32m'3937 Market St'[39m,
    [32m'Chicago'[39m,
    [32m'101782'[39m,
    [32m'US'[39m,
    [32m'Apt 59253'[39m,
    [32m''[39m,
    [32m'IL'[39m,
    [32m'david.brown1539750@example.com'[39m,
    [32m'(3252) 6215-7097295'[39m,
    [32m'David'[39m,
    [32m'Brown'[39m,
    [32m'3937 Market St'[39m,
    [32m'Chicago'[39m,
    [32m'101782'[39m,
    [32m'US'[39m,
    [32m'Apt 59253'[39m,
    [32m''[39m,
    [32m'IL'[39m
  ],
  [
    [32m'176'[39m,
    [32m'Logo Collection (qty: 3,price: 54)| Beanie (qty: 1,price: 18)'[39m,
    [32m'wc-processing'[39m,
    [32m'4'[39m,
    [32m'logo-collection| woo-beanie|'[39m,
    [32m'91'[39m,
    [32m'John'[39m,
    [32m'Smith'[39m,
    [32m'7780 Main St'[39m,
    [32m'Chicago'[39m,
    [32m'234384'[39m,
    [32m'CA'[39m,
    [32m''[39m,
    [32m''[39m,
    [32m'ON'[39m,
    [32m'john.smith8327460@example.com'[39m,
    [32m'(9462) 9458-5557638'[39m,
    [32m'John'[39m,
    [32m'Smith'[39m,
    [32m'7780 Main St'[39m,
    [32m'Chicago'[39m,
    [32m'234384'[39m,
    [32m'CA'[39m,
    [32m''[39m,
    [32m''[39m,
    [32m'ON'[39m
  ],
  [
    [32m'177'[39m,
    [32m'Hat_new_update_store (qty: 5,price: 75)| Shirt (qty: 1,price: 18)| Beanie (qty: 4,price: 72)'[39m,
    [32m'wc-completed'[39m,
    [32m'10'[39m,
    [32m'woo-fashion-hat| woo-fashion-shirt| woo-beanie|'[39m,
    [32m'173'[39m,
    [32m'Michael'[39m,
    [32m'Williams'[39m,
    [32m'2039 Oak Ave'[39m,
    [32m'Houston'[39m,
    [32m'560063'[39m,
    [32m'CA'[39m,
    [32m''[39m,
    [32m''[39m,
    [32m'BC'[39m,
    [32m'michael.williams6081137@example.com'[39m,
    [32m'(2490) 8175-6144869'[39m,
    [32m'Michael'[39m,
    [32m'Williams'[39m,
    [32m'2039 Oak Ave'[39m,
    [32m'Houston'[39m,
    [32m'560063'[39m,
    [32m'CA'[39m,
    [32m''[39m,
    [32m''[39m,
    [32m'BC'[39m
  ],
  [
    [32m'178'[39m,
    [32m'Logo Collection (qty: 3,price: 54)| Sunglasses (qty: 3,price: 270)'[39m,
    [32m'wc-completed'[39m,
    [32m'6'[39m,
    [32m'logo-collection| woo-sunglasses|'[39m,
    [32m'343'[39m,
    [32m'Sarah'[39m,
    [32m'Johnson'[39m,
    [32m'9189 Market St'[39m,
    [32m'New York'[39m,
    [32m'183628'[39m,
    [32m'US'[39m,
    [32m''[39m,
    [32m''[39m,
    [32m'IL'[39m,
    [32m'sarah.johnson5325923@example.com'[39m,
    [32m'(8354) 3386-7764697'[39m,
    [32m'Sarah'[39m,
    [32m'Johnson'[39m,
    [32m'9189 Market St'[39m,
    [32m'New York'[39m,
    [32m'183628'[39m,
    [32m'US'[39m,
    [32m''[39m,
    [32m''[39m,
    [32m'IL'[39m
  ],
  [
    [32m'179'[39m,
    [32m'Football Net (qty: 5,price: 600)| Shirt - Green (qty: 3,price: 60)| Shoes_updatefrom vgs (qty: 4,price: 72)'[39m,
    [32m'wc-completed'[39m,
    [32m'12'[39m,
    [32m'FN030291| woo-fashion-shirt-green| woo-fashion-shoes|'[39m,
    [32m'746'[39m,
    [32m'David'[39m,
    [32m'Brown'[39m,
    [32m'8693 Main St'[39m,
    [32m'Los Angeles'[39m,
    [32m'800476'[39m,
    [32m'CA'[39m,
    [32m''[39m,
    [32m''[39m,
    [32m'ON'[39m,
    [32m'david.brown6407709@example.com'[39m,
    [32m'(9456) 5179-1569982'[39m,
    [32m'David'[39m,
    [32m'Brown'[39m,
    [32m'8693 Main St'[39m,
    [32m'Los Angeles'[39m,
    [32m'800476'[39m,
    [32m'CA'[39m,
    [32m''[39m,
    [32m''[39m,
    [32m'ON'[39m
  ],
  [
    [32m'180'[39m,
    [32m'Belt (qty: 4,price: 220)'[39m,
    [32m'wc-completed'[39m,
    [32m'4'[39m,
    [32m'woo-belt'[39m,
    [32m'246'[39m,
    [32m'Emma'[39m,
    [32m'Brown'[39m,
    [32m'5850 Main St'[39m,
    [32m'Chicago'[39m,
    [32m'457135'[39m,
    [32m'GB'[39m,
    [32m'Apt 43022'[39m,
    [32m''[39m,
    [32m'KNT'[39m,
    [32m'emma.brown1806706@example.com'[39m,
    [32m'(3483) 7822-939552'[39m,
    [32m'Emma'[39m,
    [32m'Brown'[39m,
    [32m'5850 Main St'[39m,
    [32m'Chicago'[39m,
    [32m'457135'[39m,
    [32m'GB'[39m,
    [32m'Apt 43022'[39m,
    [32m''[39m,
    [32m'KNT'[39m
  ],
  [
    [32m'181'[39m,
    [32m'Jacket (qty: 1,price: 25)| Cap (qty: 4,price: 64)'[39m,
    [32m'wc-completed'[39m,
    [32m'5'[39m,
    [32m'woo-fashion-jacket| woo-cap|'[39m,
    [32m'118'[39m,
    [32m'Emma'[39m,
    [32m'Jones'[39m,
    [32m'6048 Market St'[39m,
    [32m'Chicago'[39m,
    [32m'852420'[39m,
    [32m'GB'[39m,
    [32m''[39m,
    [32m''[39m,
    [32m'BKM'[39m,
    [32m'emma.jones9599827@example.com'[39m,
    [32m'(8208) 9748-7951466'[39m,
    [32m'Emma'[39m,
    [32m'Jones'[39m,
    [32m'6048 Market St'[39m,
    [32m'Chicago'[39m,
    [32m'852420'[39m,
    [32m'GB'[39m,
    [32m''[39m,
    [32m''[39m,
    [32m'BKM'[39m
  ],
  [
    [32m'182'[39m,
    [32m'Football Net (qty: 3,price: 360)| Hat_new_update_store (qty: 5,price: 75)| Shirt (qty: 5,price: 90)| Sunglasses (qty: 3,price: 270)| Beanie (qty: 3,price: 54)'[39m,
    [32m'wc-completed'[39m,
    [32m'19'[39m,
    [32m'FN030291| woo-fashion-hat| woo-fashion-shirt| woo-sunglasses| woo-beanie|'[39m,
    [32m'856'[39m,
    [32m'Emma'[39m,
    [32m'Brown'[39m,
    [32m'642 Oak Ave'[39m,
    [32m'Los Angeles'[39m,
    [32m'786721'[39m,
    [32m'AU'[39m,
    [32m'Apt 37378'[39m,
    [32m''[39m,
    [32m'VIC'[39m,
    [32m'emma.brown9177565@example.com'[39m,
    [32m'(3195) 8822-4717178'[39m,
    [32m'Emma'[39m,
    [32m'Brown'[39m,
    [32m'642 Oak Ave'[39m,
    [32m'Los Angeles'[39m,
    [32m'786721'[39m,
    [32m'AU'[39m,
    [32m'Apt 37378'[39m,
    [32m''[39m,
    [32m'VIC'[39m
  ],
  [
    [32m'183'[39m,
    [32m'Shirt (qty: 4,price: 72)| Logo Collection (qty: 4,price: 72)| Polo (qty: 2,price: 40)'[39m,
    [32m'wc-cancelled'[39m,
    [32m'10'[39m,
    [32m'woo-fashion-shirt| logo-collection| woo-polo|'[39m,
    [32m'200'[39m,
    [32m'Sarah'[39m,
    [32m'Garcia'[39m,
    [32m'6880 Main St'[39m,
    [32m'Los Angeles'[39m,
    [32m'564793'[39m,
    [32m'AU'[39m,
    [32m''[39m,
    [32m''[39m,
    [32m'VIC'[39m,
    [32m'sarah.garcia7017655@example.com'[39m,
    [32m'(5855) 6809-4118308'[39m,
    [32m'Sarah'[39m,
    [32m'Garcia'[39m,
    [32m'6880 Main St'[39m,
    [32m'Los Angeles'[39m,
    [32m'564793'[39m,
    [32m'AU'[39m,
    [32m''[39m,
    [32m''[39m,
    [32m'VIC'[39m
  ],
  [
    [32m'184'[39m,
    [32m'Shirt (qty: 2,price: 36)| Cap (qty: 2,price: 32)| Belt (qty: 1,price: 55)'[39m,
    [32m'wc-completed'[39m,
    [32m'5'[39m,
    [32m'woo-fashion-shirt| woo-cap| woo-belt|'[39m,
    [32m'149'[39m,
    [32m'Jane'[39m,
    [32m'Jones'[39m,
    [32m'4415 Market St'[39m,
    [32m'New York'[39m,
    [32m'147698'[39m,
    [32m'CA'[39m,
    [32m'Apt 82601'[39m,
    [32m''[39m,
    [32m'ON'[39m,
    [32m'jane.jones2570130@example.com'[39m,
    [32m'(3166) 2062-112889'[39m,
    [32m'Jane'[39m,
    [32m'Jones'[39m,
    [32m'4415 Market St'[39m,
    [32m'New York'[39m,
    [32m'147698'[39m,
    [32m'CA'[39m,
    [32m'Apt 82601'[39m,
    [32m''[39m,
    [32m'ON'[39m
  ],
  [
    [32m'185'[39m,
    [32m'Hat_new_update_store (qty: 2,price: 30)| Shoes_updatefrom vgs (qty: 5,price: 90)| Socks (qty: 1,price: 100)| Sunglasses (qty: 2,price: 180)'[39m,
    [32m'wc-processing'[39m,
    [32m'10'[39m,
    [32m'woo-fashion-hat| woo-fashion-shoes| woo-fashion-socks| woo-sunglasses|'[39m,
    [32m'410'[39m,
    [32m'Sarah'[39m,
    [32m'Garcia'[39m,
    [32m'1049 Main St'[39m,
    [32m'Los Angeles'[39m,
    [32m'499735'[39m,
    [32m'GB'[39m,
    [32m''[39m,
    [32m''[39m,
    [32m'ESX'[39m,
    [32m'sarah.garcia39465@example.com'[39m,
    [32m'(7753) 6752-9144789'[39m,
    [32m'Sarah'[39m,
    [32m'Garcia'[39m,
    [32m'1049 Main St'[39m,
    [32m'Los Angeles'[39m,
    [32m'499735'[39m,
    [32m'GB'[39m,
    [32m''[39m,
    [32m''[39m,
    [32m'ESX'[39m
  ],
  [
    [32m'186'[39m,
    [32m'Football Net (qty: 2,price: 240)| Hat_new_update_store (qty: 1,price: 15)| Shirt - Green (qty: 1,price: 20)| Socks (qty: 4,price: 400)| T-Shirt (qty: 1,price: 18)'[39m,
    [32m'wc-completed'[39m,
    [32m'9'[39m,
    [32m'FN030291| woo-fashion-hat| woo-fashion-shirt-green| woo-fashion-socks| woo-tshirt|'[39m,
    [32m'721'[39m,
    [32m'Emma'[39m,
    [32m'Garcia'[39m,
    [32m'9339 Main St'[39m,
    [32m'Chicago'[39m,
    [32m'166765'[39m,
    [32m'US'[39m,
    [32m''[39m,
    [32m''[39m,
    [32m'TX'[39m,
    [32m'emma.garcia4655227@example.com'[39m,
    [32m'(3136) 7154-5364673'[39m,
    [32m'Emma'[39m,
    [32m'Garcia'[39m,
    [32m'9339 Main St'[39m,
    [32m'Chicago'[39m,
    [32m'166765'[39m,
    [32m'US'[39m,
    [32m''[39m,
    [32m''[39m,
    [32m'TX'[39m
  ],
  [
    [32m'187'[39m,
    [32m'** No Products **'[39m,
    [32m'wc-completed'[39m,
    [32m''[39m,
    [32m'** SKU is Empty **'[39m,
    [32m'0'[39m,
    [32m'Jane'[39m,
    [32m'Williams'[39m,
    [32m'7567 Market St'[39m,
    [32m'New York'[39m,
    [32m'131770'[39m,
    [32m'CA'[39m,
    [32m'Apt 92250'[39m,
    [32m''[39m,
    [32m'AB'[39m,
    [32m'jane.williams298721@example.com'[39m,
    [32m'(2367) 3207-6845012'[39m,
    [32m'Jane'[39m,
    [32m'Williams'[39m,
    [32m'7567 Market St'[39m,
    [32m'New York'[39m,
    [32m'131770'[39m,
    [32m'CA'[39m,
    [32m'Apt 92250'[39m,
    [32m''[39m,
    [32m'AB'[39m
  ],
  [
    [32m'188'[39m,
    [32m'Belt (qty: 2,price: 110)'[39m,
    [32m'wc-completed'[39m,
    [32m'2'[39m,
    [32m'woo-belt'[39m,
    [32m'120'[39m,
    [32m'Michael'[39m,
    [32m'Brown'[39m,
    [32m'1069 Oak Ave'[39m,
    [32m'Chicago'[39m,
    [32m'155137'[39m,
    [32m'CA'[39m,
    [32m'Apt 90172'[39m,
    [32m''[39m,
    [32m'QC'[39m,
    [32m'michael.brown7239684@example.com'[39m,
    [32m'(2279) 8736-6212367'[39m,
    [32m'Michael'[39m,
    [32m'Brown'[39m,
    [32m'1069 Oak Ave'[39m,
    [32m'Chicago'[39m,
    [32m'155137'[39m,
    [32m'CA'[39m,
    [32m'Apt 90172'[39m,
    [32m''[39m,
    [32m'QC'[39m
  ],
  [
    [32m'189'[39m,
    [32m'New product from GS (qty: 2,price: 300)| new variable (qty: 4,price: 400)| Polo (qty: 1,price: 20)| Sunglasses (qty: 4,price: 360)'[39m,
    [32m'wc-cancelled'[39m,
    [32m'11'[39m,
    [32m'** No SKU Found **| ** No SKU Found **| woo-polo| woo-sunglasses|'[39m,
    [32m'1095'[39m,
    [32m'Sarah'[39m,
    [32m'Williams'[39m,
    [32m'2660 Market St'[39m,
    [32m'New York'[39m,
    [32m'572567'[39m,
    [32m'US'[39m,
    [32m''[39m,
    [32m''[39m,
    [32m'NY'[39m,
    [32m'sarah.williams3729355@example.com'[39m,
    [32m'(5829) 9776-409218'[39m,
    [32m'Sarah'[39m,
    [32m'Williams'[39m,
    [32m'2660 Market St'[39m,
    [32m'New York'[39m,
    [32m'572567'[39m,
    [32m'US'[39m,
    [32m''[39m,
    [32m''[39m,
    [32m'NY'[39m
  ],
  [
    [32m'190'[39m,
    [32m'** No Products **'[39m,
    [32m'wc-completed'[39m,
    [32m''[39m,
    [32m'** SKU is Empty **'[39m,
    [32m'0'[39m,
    [32m'Sarah'[39m,
    [32m'Smith'[39m,
    [32m'8966 Main St'[39m,
    [32m'Chicago'[39m,
    [32m'844033'[39m,
    [32m'CA'[39m,
    [32m'Apt 68977'[39m,
    [32m''[39m,
    [32m'ON'[39m,
    [32m'sarah.smith4387747@example.com'[39m,
    [32m'(4535) 2914-6546068'[39m,
    [32m'Sarah'[39m,
    [32m'Smith'[39m,
    [32m'8966 Main St'[39m,
    [32m'Chicago'[39m,
    [32m'844033'[39m,
    [32m'CA'[39m,
    [32m'Apt 68977'[39m,
    [32m''[39m,
    [32m'ON'[39m
  ],
  [
    [32m'191'[39m,
    [32m'New product from GS (qty: 4,price: 600)| Sunglasses (qty: 1,price: 90)'[39m,
    [32m'wc-completed'[39m,
    [32m'5'[39m,
    [32m'** No SKU Found **| woo-sunglasses|'[39m,
    [32m'708'[39m,
    [32m'Sarah'[39m,
    [32m'Jones'[39m,
    [32m'9473 Main St'[39m,
    [32m'Los Angeles'[39m,
    [32m'824771'[39m,
    [32m'US'[39m,
    [32m'Apt 84359'[39m,
    [32m''[39m,
    [32m'NY'[39m,
    [32m'sarah.jones2900917@example.com'[39m,
    [32m'(9034) 7200-2764925'[39m,
    [32m'Sarah'[39m,
    [32m'Jones'[39m,
    [32m'9473 Main St'[39m,
    [32m'Los Angeles'[39m,
    [32m'824771'[39m,
    [32m'US'[39m,
    [32m'Apt 84359'[39m,
    [32m''[39m,
    [32m'NY'[39m
  ],
  [
    [32m'192'[39m,
    [32m'Shirt - Cream (qty: 2,price: 50)| Socks (qty: 4,price: 400)| Beanie (qty: 3,price: 54)'[39m,
    [32m'wc-processing'[39m,
    [32m'9'[39m,
    [32m'woo-fashion-shirt-cream| woo-fashion-socks| woo-beanie|'[39m,
    [32m'504'[39m,
    [32m'Sarah'[39m,
    [32m'Jones'[39m,
    [32m'4584 Oak Ave'[39m,
    [32m'Houston'[39m,
    [32m'270651'[39m,
    [32m'CA'[39m,
    [32m'Apt 56761'[39m,
    [32m''[39m,
    [32m'AB'[39m,
    [32m'sarah.jones5686862@example.com'[39m,
    [32m'(9915) 4350-5111669'[39m,
    [32m'Sarah'[39m,
    [32m'Jones'[39m,
    [32m'4584 Oak Ave'[39m,
    [32m'Houston'[39m,
    [32m'270651'[39m,
    [32m'CA'[39m,
    [32m'Apt 56761'[39m,
    [32m''[39m,
    [32m'AB'[39m
  ],
  [
    [32m'193'[39m,
    [32m'New product from GS (qty: 2,price: 300)| Hat_new_update_store (qty: 3,price: 45)| Shirt (qty: 5,price: 90)'[39m,
    [32m'wc-completed'[39m,
    [32m'10'[39m,
    [32m'** No SKU Found **| woo-fashion-hat| woo-fashion-shirt|'[39m,
    [32m'435'[39m,
    [32m'John'[39m,
    [32m'Williams'[39m,
    [32m'5640 Main St'[39m,
    [32m'Chicago'[39m,
    [32m'227157'[39m,
    [32m'CA'[39m,
    [32m''[39m,
    [32m''[39m,
    [32m'BC'[39m,
    [32m'john.williams9810696@example.com'[39m,
    [32m'(3256) 4209-261167'[39m,
    [32m'John'[39m,
    [32m'Williams'[39m,
    [32m'5640 Main St'[39m,
    [32m'Chicago'[39m,
    [32m'227157'[39m,
    [32m'CA'[39m,
    [32m''[39m,
    [32m''[39m,
    [32m'BC'[39m
  ],
  [
    [32m'194'[39m,
    [32m'Socks (qty: 1,price: 100)| Sunglasses (qty: 4,price: 360)'[39m,
    [32m'wc-completed'[39m,
    [32m'5'[39m,
    [32m'woo-fashion-socks| woo-sunglasses|'[39m,
    [32m'477'[39m,
    [32m'John'[39m,
    [32m'Garcia'[39m,
    [32m'5035 Main St'[39m,
    [32m'Houston'[39m,
    [32m'739271'[39m,
    [32m'GB'[39m,
    [32m'Apt 13180'[39m,
    [32m''[39m,
    [32m'LND'[39m,
    [32m'john.garcia466012@example.com'[39m,
    [32m'(5176) 7671-3436958'[39m,
    [32m'John'[39m,
    [32m'Garcia'[39m,
    [32m'5035 Main St'[39m,
    [32m'Houston'[39m,
    [32m'739271'[39m,
    [32m'GB'[39m,
    [32m'Apt 13180'[39m,
    [32m''[39m,
    [32m'LND'[39m
  ],
  [
    [32m'195'[39m,
    [32m'Cap (qty: 1,price: 16)'[39m,
    [32m'wc-completed'[39m,
    [32m'1'[39m,
    [32m'woo-cap'[39m,
    [32m'26'[39m,
    [32m'David'[39m,
    [32m'Williams'[39m,
    [32m'244 Oak Ave'[39m,
    [32m'Chicago'[39m,
    [32m'370128'[39m,
    [32m'US'[39m,
    [32m'Apt 98894'[39m,
    [32m''[39m,
    [32m'NY'[39m,
    [32m'david.williams2058844@example.com'[39m,
    [32m'(5997) 9794-4158063'[39m,
    [32m'David'[39m,
    [32m'Williams'[39m,
    [32m'244 Oak Ave'[39m,
    [32m'Chicago'[39m,
    [32m'370128'[39m,
    [32m'US'[39m,
    [32m'Apt 98894'[39m,
    [32m''[39m,
    [32m'NY'[39m
  ],
  [
    [32m'196'[39m,
    [32m'Shirt - Cream (qty: 3,price: 75)| Shirt (qty: 1,price: 18)| Logo Collection (qty: 1,price: 18)| Beanie (qty: 5,price: 90)'[39m,
    [32m'wc-processing'[39m,
    [32m'10'[39m,
    [32m'woo-fashion-shirt-cream| woo-fashion-shirt| logo-collection| woo-beanie|'[39m,
    [32m'201'[39m,
    [32m'David'[39m,
    [32m'Jones'[39m,
    [32m'6471 Main St'[39m,
    [32m'Los Angeles'[39m,
    [32m'224744'[39m,
    [32m'AU'[39m,
    [32m''[39m,
    [32m''[39m,
    [32m'WA'[39m,
    [32m'david.jones1365544@example.com'[39m,
    [32m'(2404) 4293-7655028'[39m,
    [32m'David'[39m,
    [32m'Jones'[39m,
    [32m'6471 Main St'[39m,
    [32m'Los Angeles'[39m,
    [32m'224744'[39m,
    [32m'AU'[39m,
    [32m''[39m,
    [32m''[39m,
    [32m'WA'[39m
  ],
  [
    [32m'197'[39m,
    [32m'new variable (qty: 2,price: 200)| Hat_new_update_store (qty: 4,price: 60)| Jacket (qty: 3,price: 75)| Shirt - Cream (qty: 5,price: 125)'[39m,
    [32m'wc-processing'[39m,
    [32m'14'[39m,
    [32m'** No SKU Found **| woo-fashion-hat| woo-fashion-jacket| woo-fashion-shirt-cream|'[39m,
    [32m'460'[39m,
    [32m'Michael'[39m,
    [32m'Brown'[39m,
    [32m'7288 Oak Ave'[39m,
    [32m'Los Angeles'[39m,
    [32m'566778'[39m,
    [32m'CA'[39m,
    [32m''[39m,
    [32m''[39m,
    [32m'ON'[39m,
    [32m'michael.brown573286@example.com'[39m,
    [32m'(9027) 4875-1575501'[39m,
    [32m'Michael'[39m,
    [32m'Brown'[39m,
    [32m'7288 Oak Ave'[39m,
    [32m'Los Angeles'[39m,
    [32m'566778'[39m,
    [32m'CA'[39m,
    [32m''[39m,
    [32m''[39m,
    [32m'ON'[39m
  ],
  [
    [32m'198'[39m,
    [32m'Shoes_updatefrom vgs (qty: 5,price: 90)'[39m,
    [32m'wc-completed'[39m,
    [32m'5'[39m,
    [32m'woo-fashion-shoes'[39m,
    [32m'109'[39m,
    [32m'David'[39m,
    [32m'Johnson'[39m,
    [32m'5642 Oak Ave'[39m,
    [32m'New York'[39m,
    [32m'795570'[39m,
    [32m'GB'[39m,
    [32m'Apt 72875'[39m,
    [32m''[39m,
    [32m'KNT'[39m,
    [32m'david.johnson7463492@example.com'[39m,
    [32m'(3947) 2070-4978919'[39m,
    [32m'David'[39m,
    [32m'Johnson'[39m,
    [32m'5642 Oak Ave'[39m,
    [32m'New York'[39m,
    [32m'795570'[39m,
    [32m'GB'[39m,
    [32m'Apt 72875'[39m,
    [32m''[39m,
    [32m'KNT'[39m
  ],
  [
    [32m'199'[39m,
    [32m'Shirt - Cream (qty: 1,price: 25)'[39m,
    [32m'wc-completed'[39m,
    [32m'1'[39m,
    [32m'woo-fashion-shirt-cream'[39m,
    [32m'47'[39m,
    [32m'Michael'[39m,
    [32m'Brown'[39m,
    [32m'683 Market St'[39m,
    [32m'Chicago'[39m,
    [32m'383666'[39m,
    [32m'CA'[39m,
    [32m'Apt 86606'[39m,
    [32m''[39m,
    [32m'ON'[39m,
    [32m'michael.brown3097775@example.com'[39m,
    [32m'(9812) 3135-419011'[39m,
    [32m'Michael'[39m,
    [32m'Brown'[39m,
    [32m'683 Market St'[39m,
    [32m'Chicago'[39m,
    [32m'383666'[39m,
    [32m'CA'[39m,
    [32m'Apt 86606'[39m,
    [32m''[39m,
    [32m'ON'[39m
  ],
  [
    [32m'200'[39m,
    [32m'Hat_new_update_store (qty: 3,price: 45)| Socks (qty: 1,price: 100)| T-Shirt (qty: 3,price: 54)'[39m,
    [32m'wc-completed'[39m,
    [32m'7'[39m,
    [32m'woo-fashion-hat| woo-fashion-socks| woo-tshirt|'[39m,
    [32m'214'[39m,
    [32m'Emma'[39m,
    [32m'Johnson'[39m,
    [32m'2184 Oak Ave'[39m,
    [32m'New York'[39m,
    [32m'212196'[39m,
    [32m'US'[39m,
    [32m''[39m,
    [32m''[39m,
    [32m'IL'[39m,
    [32m'emma.johnson845090@example.com'[39m,
    [32m'(4238) 6407-6700631'[39m,
    [32m'Emma'[39m,
    [32m'Johnson'[39m,
    [32m'2184 Oak Ave'[39m,
    [32m'New York'[39m,
    [32m'212196'[39m,
    [32m'US'[39m,
    [32m''[39m,
    [32m''[39m,
    [32m'IL'[39m
  ],
  [
    [32m'201'[39m,
    [32m'Hat_new_update_store (qty: 5,price: 75)| Shoes_updatefrom vgs (qty: 4,price: 72)| Sunglasses (qty: 1,price: 90)| T-Shirt (qty: 2,price: 36)'[39m,
    [32m'wc-completed'[39m,
    [32m'12'[39m,
    [32m'woo-fashion-hat| woo-fashion-shoes| woo-sunglasses| woo-tshirt|'[39m,
    [32m'273'[39m,
    [32m'John'[39m,
    [32m'Smith'[39m,
    [32m'1000 Main St'[39m,
    [32m'Chicago'[39m,
    [32m'290031'[39m,
    [32m'US'[39m,
    [32m'Apt 29629'[39m,
    [32m''[39m,
    [32m'CA'[39m,
    [32m'john.smith4745621@example.com'[39m,
    [32m'(6106) 4739-2685709'[39m,
    [32m'John'[39m,
    [32m'Smith'[39m,
    [32m'1000 Main St'[39m,
    [32m'Chicago'[39m,
    [32m'290031'[39m,
    [32m'US'[39m,
    [32m'Apt 29629'[39m,
    [32m''[39m,
    [32m'CA'[39m
  ],
  [
    [32m'202'[39m,
    [32m'Shirt - Green (qty: 1,price: 20)| Shoes_updatefrom vgs (qty: 3,price: 54)| Shirt - Cream (qty: 2,price: 50)| Shirt (qty: 4,price: 72)'[39m,
    [32m'wc-completed'[39m,
    [32m'10'[39m,
    [32m'woo-fashion-shirt-green| woo-fashion-shoes| woo-fashion-shirt-cream| woo-fashion-shirt|'[39m,
    [32m'225'[39m,
    [32m'Jane'[39m,
    [32m'Jones'[39m,
    [32m'7818 Market St'[39m,
    [32m'New York'[39m,
    [32m'526585'[39m,
    [32m'AU'[39m,
    [32m'Apt 77226'[39m,
    [32m''[39m,
    [32m'WA'[39m,
    [32m'jane.jones4359141@example.com'[39m,
    [32m'(2568) 2478-2622863'[39m,
    [32m'Jane'[39m,
    [32m'Jones'[39m,
    [32m'7818 Market St'[39m,
    [32m'New York'[39m,
    [32m'526585'[39m,
    [32m'AU'[39m,
    [32m'Apt 77226'[39m,
    [32m''[39m,
    [32m'WA'[39m
  ],
  [
    [32m'203'[39m,
    [32m'Hat_new_update_store (qty: 5,price: 75)| Jacket (qty: 2,price: 50)| Shirt - Cream (qty: 1,price: 25)| Socks (qty: 4,price: 400)'[39m,
    [32m'wc-processing'[39m,
    [32m'12'[39m,
    [32m'woo-fashion-hat| woo-fashion-jacket| woo-fashion-shirt-cream| woo-fashion-socks|'[39m,
    [32m'558'[39m,
    [32m'Emma'[39m,
    [32m'Williams'[39m,
    [32m'6069 Oak Ave'[39m,
    [32m'Chicago'[39m,
    [32m'741863'[39m,
    [32m'US'[39m,
    [32m''[39m,
    [32m''[39m,
    [32m'NY'[39m,
    [32m'emma.williams7842420@example.com'[39m,
    [32m'(3531) 7819-7006639'[39m,
    [32m'Emma'[39m,
    [32m'Williams'[39m,
    [32m'6069 Oak Ave'[39m,
    [32m'Chicago'[39m,
    [32m'741863'[39m,
    [32m'US'[39m,
    [32m''[39m,
    [32m''[39m,
    [32m'NY'[39m
  ],
  [
    [32m'204'[39m,
    [32m'Football Net (qty: 1,price: 120)| Socks (qty: 2,price: 200)| Polo (qty: 2,price: 40)'[39m,
    [32m'wc-completed'[39m,
    [32m'5'[39m,
    [32m'FN030291| woo-fashion-socks| woo-polo|'[39m,
    [32m'360'[39m,
    [32m'Emma'[39m,
    [32m'Brown'[39m,
    [32m'2646 Oak Ave'[39m,
    [32m'Los Angeles'[39m,
    [32m'363031'[39m,
    [32m'AU'[39m,
    [32m''[39m,
    [32m''[39m,
    [32m'WA'[39m,
    [32m'emma.brown6876372@example.com'[39m,
    [32m'(6282) 3403-7585000'[39m,
    [32m'Emma'[39m,
    [32m'Brown'[39m,
    [32m'2646 Oak Ave'[39m,
    [32m'Los Angeles'[39m,
    [32m'363031'[39m,
    [32m'AU'[39m,
    [32m''[39m,
    [32m''[39m,
    [32m'WA'[39m
  ],
  [
    [32m'205'[39m,
    [32m'Football Net (qty: 3,price: 360)'[39m,
    [32m'wc-completed'[39m,
    [32m'3'[39m,
    [32m'FN030291'[39m,
    [32m'365'[39m,
    [32m'Jane'[39m,
    [32m'Garcia'[39m,
    [32m'5676 Market St'[39m,
    [32m'Los Angeles'[39m,
    [32m'119451'[39m,
    [32m'CA'[39m,
    [32m'Apt 98795'[39m,
    [32m''[39m,
    [32m'AB'[39m,
    [32m'jane.garcia9057007@example.com'[39m,
    [32m'(5470) 5814-7076030'[39m,
    [32m'Jane'[39m,
    [32m'Garcia'[39m,
    [32m'5676 Market St'[39m,
    [32m'Los Angeles'[39m,
    [32m'119451'[39m,
    [32m'CA'[39m,
    [32m'Apt 98795'[39m,
    [32m''[39m,
    [32m'AB'[39m
  ],
  [
    [32m'206'[39m,
    [32m'Socks (qty: 2,price: 200)| T-Shirt (qty: 2,price: 36)'[39m,
    [32m'wc-processing'[39m,
    [32m'4'[39m,
    [32m'woo-fashion-socks| woo-tshirt|'[39m,
    [32m'245'[39m,
    [32m'John'[39m,
    [32m'Jones'[39m,
    [32m'5750 Oak Ave'[39m,
    [32m'Houston'[39m,
    [32m'368411'[39m,
    [32m'US'[39m,
    [32m'Apt 19516'[39m,
    [32m''[39m,
    [32m'IL'[39m,
    [32m'john.jones2260084@example.com'[39m,
    [32m'(5537) 9930-2481233'[39m,
    [32m'John'[39m,
    [32m'Jones'[39m,
    [32m'5750 Oak Ave'[39m,
    [32m'Houston'[39m,
    [32m'368411'[39m,
    [32m'US'[39m,
    [32m'Apt 19516'[39m,
    [32m''[39m,
    [32m'IL'[39m
  ],
  [
    [32m'207'[39m,
    [32m'new variable (qty: 5,price: 500)| Polo (qty: 3,price: 60)| Beanie (qty: 4,price: 72)'[39m,
    [32m'wc-completed'[39m,
    [32m'12'[39m,
    [32m'** No SKU Found **| woo-polo| woo-beanie|'[39m,
    [32m'661'[39m,
    [32m'Emma'[39m,
    [32m'Garcia'[39m,
    [32m'2243 Oak Ave'[39m,
    [32m'Houston'[39m,
    [32m'482804'[39m,
    [32m'CA'[39m,
    [32m'Apt 61383'[39m,
    [32m''[39m,
    [32m'BC'[39m,
    [32m'emma.garcia3502547@example.com'[39m,
    [32m'(8428) 8689-9704024'[39m,
    [32m'Emma'[39m,
    [32m'Garcia'[39m,
    [32m'2243 Oak Ave'[39m,
    [32m'Houston'[39m,
    [32m'482804'[39m,
    [32m'CA'[39m,
    [32m'Apt 61383'[39m,
    [32m''[39m,
    [32m'BC'[39m
  ],
  [
    [32m'208'[39m,
    [32m'Jacket (qty: 4,price: 100)| Shirt - Cream (qty: 1,price: 25)| Socks (qty: 4,price: 400)'[39m,
    [32m'wc-processing'[39m,
    [32m'9'[39m,
    [32m'woo-fashion-jacket| woo-fashion-shirt-cream| woo-fashion-socks|'[39m,
    [32m'534'[39m,
    [32m'Sarah'[39m,
    [32m'Brown'[39m,
    [32m'8988 Oak Ave'[39m,
    [32m'Chicago'[39m,
    [32m'245153'[39m,
    [32m'GB'[39m,
    [32m''[39m,
    [32m''[39m,
    [32m'BKM'[39m,
    [32m'sarah.brown8106711@example.com'[39m,
    [32m'(5402) 4370-8448021'[39m,
    [32m'Sarah'[39m,
    [32m'Brown'[39m,
    [32m'8988 Oak Ave'[39m,
    [32m'Chicago'[39m,
    [32m'245153'[39m,
    [32m'GB'[39m,
    [32m''[39m,
    [32m''[39m,
    [32m'BKM'[39m
  ],
  [
    [32m'209'[39m,
    [32m'new variable (qty: 5,price: 500)'[39m,
    [32m'wc-completed'[39m,
    [32m'5'[39m,
    [32m'** No SKU Found **'[39m,
    [32m'500'[39m,
    [32m'David'[39m,
    [32m'Williams'[39m,
    [32m'7103 Oak Ave'[39m,
    [32m'Houston'[39m,
    [32m'560111'[39m,
    [32m'AU'[39m,
    [32m''[39m,
    [32m''[39m,
    [32m'VIC'[39m,
    [32m'david.williams7909075@example.com'[39m,
    [32m'(2967) 3002-4730239'[39m,
    [32m'David'[39m,
    [32m'Williams'[39m,
    [32m'7103 Oak Ave'[39m,
    [32m'Houston'[39m,
    [32m'560111'[39m,
    [32m'AU'[39m,
    [32m''[39m,
    [32m''[39m,
    [32m'VIC'[39m
  ],
  [
    [32m'210'[39m,
    [32m'Socks (qty: 3,price: 300)| Logo Collection (qty: 1,price: 18)| Belt (qty: 1,price: 55)| T-Shirt (qty: 1,price: 18)'[39m,
    [32m'wc-cancelled'[39m,
    [32m'6'[39m,
    [32m'woo-fashion-socks| logo-collection| woo-belt| woo-tshirt|'[39m,
    [32m'420'[39m,
    [32m'Jane'[39m,
    [32m'Williams'[39m,
    [32m'939 Oak Ave'[39m,
    [32m'Houston'[39m,
    [32m'143553'[39m,
    [32m'GB'[39m,
    [32m'Apt 12751'[39m,
    [32m''[39m,
    [32m'ESX'[39m,
    [32m'jane.williams7432253@example.com'[39m,
    [32m'(8020) 9938-3796986'[39m,
    [32m'Jane'[39m,
    [32m'Williams'[39m,
    [32m'939 Oak Ave'[39m,
    [32m'Houston'[39m,
    [32m'143553'[39m,
    [32m'GB'[39m,
    [32m'Apt 12751'[39m,
    [32m''[39m,
    [32m'ESX'[39m
  ],
  [
    [32m'211'[39m,
    [32m'Logo Collection (qty: 5,price: 90)'[39m,
    [32m'wc-completed'[39m,
    [32m'5'[39m,
    [32m'logo-collection'[39m,
    [32m'90'[39m,
    [32m'Sarah'[39m,
    [32m'Williams'[39m,
    [32m'5469 Main St'[39m,
    [32m'New York'[39m,
    [32m'634538'[39m,
    [32m'US'[39m,
    [32m''[39m,
    [32m''[39m,
    [32m'TX'[39m,
    [32m'sarah.williams1473821@example.com'[39m,
    [32m'(6771) 3543-2859819'[39m,
    [32m'Sarah'[39m,
    [32m'Williams'[39m,
    [32m'5469 Main St'[39m,
    [32m'New York'[39m,
    [32m'634538'[39m,
    [32m'US'[39m,
    [32m''[39m,
    [32m''[39m,
    [32m'TX'[39m
  ],
  [
    [32m'212'[39m,
    [32m'New product from GS (qty: 5,price: 750)| Shirt - Green (qty: 5,price: 100)'[39m,
    [32m'wc-completed'[39m,
    [32m'10'[39m,
    [32m'** No SKU Found **| woo-fashion-shirt-green|'[39m,
    [32m'858'[39m,
    [32m'Sarah'[39m,
    [32m'Smith'[39m,
    [32m'4619 Market St'[39m,
    [32m'Chicago'[39m,
    [32m'856127'[39m,
    [32m'AU'[39m,
    [32m'Apt 14194'[39m,
    [32m''[39m,
    [32m'VIC'[39m,
    [32m'sarah.smith7538413@example.com'[39m,
    [32m'(3673) 7020-5325422'[39m,
    [32m'Sarah'[39m,
    [32m'Smith'[39m,
    [32m'4619 Market St'[39m,
    [32m'Chicago'[39m,
    [32m'856127'[39m,
    [32m'AU'[39m,
    [32m'Apt 14194'[39m,
    [32m''[39m,
    [32m'VIC'[39m
  ],
  [
    [32m'213'[39m,
    [32m'Shirt - Cream (qty: 4,price: 100)| Shirt (qty: 1,price: 18)| Belt (qty: 5,price: 275)'[39m,
    [32m'wc-completed'[39m,
    [32m'10'[39m,
    [32m'woo-fashion-shirt-cream| woo-fashion-shirt| woo-belt|'[39m,
    [32m'393'[39m,
    [32m'Michael'[39m,
    [32m'Johnson'[39m,
    [32m'8810 Main St'[39m,
    [32m'New York'[39m,
    [32m'353407'[39m,
    [32m'CA'[39m,
    [32m'Apt 16942'[39m,
    [32m''[39m,
    [32m'QC'[39m,
    [32m'michael.johnson1228049@example.com'[39m,
    [32m'(9824) 4161-1462965'[39m,
    [32m'Michael'[39m,
    [32m'Johnson'[39m,
    [32m'8810 Main St'[39m,
    [32m'New York'[39m,
    [32m'353407'[39m,
    [32m'CA'[39m,
    [32m'Apt 16942'[39m,
    [32m''[39m,
    [32m'QC'[39m
  ],
  [
    [32m'214'[39m,
    [32m'Football Net (qty: 1,price: 120)| Socks (qty: 1,price: 100)| Polo (qty: 4,price: 80)'[39m,
    [32m'wc-completed'[39m,
    [32m'6'[39m,
    [32m'FN030291| woo-fashion-socks| woo-polo|'[39m,
    [32m'306'[39m,
    [32m'Emma'[39m,
    [32m'Smith'[39m,
    [32m'4498 Market St'[39m,
    [32m'Los Angeles'[39m,
    [32m'843282'[39m,
    [32m'US'[39m,
    [32m'Apt 13068'[39m,
    [32m''[39m,
    [32m'FL'[39m,
    [32m'emma.smith1693787@example.com'[39m,
    [32m'(8587) 8434-266350'[39m,
    [32m'Emma'[39m,
    [32m'Smith'[39m,
    [32m'4498 Market St'[39m,
    [32m'Los Angeles'[39m,
    [32m'843282'[39m,
    [32m'US'[39m,
    [32m'Apt 13068'[39m,
    [32m''[39m,
    [32m'FL'[39m
  ],
  [
    [32m'215'[39m,
    [32m'Shoes_updatefrom vgs (qty: 4,price: 72)| Logo Collection (qty: 1,price: 18)| Polo (qty: 5,price: 100)| Cap (qty: 3,price: 48)'[39m,
    [32m'wc-processing'[39m,
    [32m'13'[39m,
    [32m'woo-fashion-shoes| logo-collection| woo-polo| woo-cap|'[39m,
    [32m'247'[39m,
    [32m'Michael'[39m,
    [32m'Smith'[39m,
    [32m'2790 Market St'[39m,
    [32m'Chicago'[39m,
    [32m'333225'[39m,
    [32m'AU'[39m,
    [32m'Apt 59868'[39m,
    [32m''[39m,
    [32m'QLD'[39m,
    [32m'michael.smith3839801@example.com'[39m,
    [32m'(4378) 3000-7145684'[39m,
    [32m'Michael'[39m,
    [32m'Smith'[39m,
    [32m'2790 Market St'[39m,
    [32m'Chicago'[39m,
    [32m'333225'[39m,
    [32m'AU'[39m,
    [32m'Apt 59868'[39m,
    [32m''[39m,
    [32m'QLD'[39m
  ],
  [
    [32m'216'[39m,
    [32m'Shirt (qty: 5,price: 90)'[39m,
    [32m'wc-completed'[39m,
    [32m'5'[39m,
    [32m'woo-fashion-shirt'[39m,
    [32m'106'[39m,
    [32m'Jane'[39m,
    [32m'Jones'[39m,
    [32m'2515 Market St'[39m,
    [32m'Los Angeles'[39m,
    [32m'161519'[39m,
    [32m'CA'[39m,
    [32m'Apt 98599'[39m,
    [32m''[39m,
    [32m'ON'[39m,
    [32m'jane.jones4867508@example.com'[39m,
    [32m'(6321) 5785-8778796'[39m,
    [32m'Jane'[39m,
    [32m'Jones'[39m,
    [32m'2515 Market St'[39m,
    [32m'Los Angeles'[39m,
    [32m'161519'[39m,
    [32m'CA'[39m,
    [32m'Apt 98599'[39m,
    [32m''[39m,
    [32m'ON'[39m
  ],
  [
    [32m'217'[39m,
    [32m'Shoes_updatefrom vgs (qty: 5,price: 90)| Sunglasses (qty: 5,price: 450)'[39m,
    [32m'wc-completed'[39m,
    [32m'10'[39m,
    [32m'woo-fashion-shoes| woo-sunglasses|'[39m,
    [32m'564'[39m,
    [32m'Michael'[39m,
    [32m'Garcia'[39m,
    [32m'2214 Oak Ave'[39m,
    [32m'New York'[39m,
    [32m'784445'[39m,
    [32m'GB'[39m,
    [32m''[39m,
    [32m''[39m,
    [32m'LND'[39m,
    [32m'michael.garcia8604878@example.com'[39m,
    [32m'(9586) 4886-6854010'[39m,
    [32m'Michael'[39m,
    [32m'Garcia'[39m,
    [32m'2214 Oak Ave'[39m,
    [32m'New York'[39m,
    [32m'784445'[39m,
    [32m'GB'[39m,
    [32m''[39m,
    [32m''[39m,
    [32m'LND'[39m
  ],
  [
    [32m'218'[39m,
    [32m'Shoes_updatefrom vgs (qty: 5,price: 90)| Socks (qty: 5,price: 500)| Sunglasses (qty: 3,price: 270)| T-Shirt (qty: 3,price: 54)| Beanie (qty: 2,price: 36)'[39m,
    [32m'wc-completed'[39m,
    [32m'18'[39m,
    [32m'woo-fashion-shoes| woo-fashion-socks| woo-sunglasses| woo-tshirt| woo-beanie|'[39m,
    [32m'966'[39m,
    [32m'Emma'[39m,
    [32m'Garcia'[39m,
    [32m'6513 Oak Ave'[39m,
    [32m'Houston'[39m,
    [32m'203077'[39m,
    [32m'CA'[39m,
    [32m''[39m,
    [32m''[39m,
    [32m'AB'[39m,
    [32m'emma.garcia9847648@example.com'[39m,
    [32m'(7825) 7158-6664140'[39m,
    [32m'Emma'[39m,
    [32m'Garcia'[39m,
    [32m'6513 Oak Ave'[39m,
    [32m'Houston'[39m,
    [32m'203077'[39m,
    [32m'CA'[39m,
    [32m''[39m,
    [32m''[39m,
    [32m'AB'[39m
  ],
  [
    [32m'219'[39m,
    [32m'Hat_new_update_store (qty: 1,price: 15)| Socks (qty: 3,price: 300)'[39m,
    [32m'wc-completed'[39m,
    [32m'4'[39m,
    [32m'woo-fashion-hat| woo-fashion-socks|'[39m,
    [32m'315'[39m,
    [32m'Michael'[39m,
    [32m'Johnson'[39m,
    [32m'3411 Main St'[39m,
    [32m'Chicago'[39m,
    [32m'916635'[39m,
    [32m'CA'[39m,
    [32m''[39m,
    [32m''[39m,
    [32m'AB'[39m,
    [32m'michael.johnson8738080@example.com'[39m,
    [32m'(2241) 2648-3293711'[39m,
    [32m'Michael'[39m,
    [32m'Johnson'[39m,
    [32m'3411 Main St'[39m,
    [32m'Chicago'[39m,
    [32m'916635'[39m,
    [32m'CA'[39m,
    [32m''[39m,
    [32m''[39m,
    [32m'AB'[39m
  ],
  [
    [32m'220'[39m,
    [32m'Shirt (qty: 5,price: 90)| Cap (qty: 2,price: 32)| Belt (qty: 5,price: 275)| T-Shirt (qty: 5,price: 90)'[39m,
    [32m'wc-completed'[39m,
    [32m'17'[39m,
    [32m'woo-fashion-shirt| woo-cap| woo-belt| woo-tshirt|'[39m,
    [32m'515'[39m,
    [32m'David'[39m,
    [32m'Williams'[39m,
    [32m'8929 Market St'[39m,
    [32m'Chicago'[39m,
    [32m'519640'[39m,
    [32m'AU'[39m,
    [32m''[39m,
    [32m''[39m,
    [32m'NSW'[39m,
    [32m'david.williams8172308@example.com'[39m,
    [32m'(9611) 2182-7642574'[39m,
    [32m'David'[39m,
    [32m'Williams'[39m,
    [32m'8929 Market St'[39m,
    [32m'Chicago'[39m,
    [32m'519640'[39m,
    [32m'AU'[39m,
    [32m''[39m,
    [32m''[39m,
    [32m'NSW'[39m
  ],
  [
    [32m'221'[39m,
    [32m'Hat_new_update_store (qty: 4,price: 60)| Socks (qty: 2,price: 200)'[39m,
    [32m'wc-completed'[39m,
    [32m'6'[39m,
    [32m'woo-fashion-hat| woo-fashion-socks|'[39m,
    [32m'265'[39m,
    [32m'Jane'[39m,
    [32m'Brown'[39m,
    [32m'7295 Oak Ave'[39m,
    [32m'Los Angeles'[39m,
    [32m'694606'[39m,
    [32m'AU'[39m,
    [32m'Apt 98710'[39m,
    [32m''[39m,
    [32m'VIC'[39m,
    [32m'jane.brown3232808@example.com'[39m,
    [32m'(8790) 2512-4228227'[39m,
    [32m'Jane'[39m,
    [32m'Brown'[39m,
    [32m'7295 Oak Ave'[39m,
    [32m'Los Angeles'[39m,
    [32m'694606'[39m,
    [32m'AU'[39m,
    [32m'Apt 98710'[39m,
    [32m''[39m,
    [32m'VIC'[39m
  ],
  [
    [32m'222'[39m,
    [32m'** No Products **'[39m,
    [32m'wc-completed'[39m,
    [32m''[39m,
    [32m'** SKU is Empty **'[39m,
    [32m'0'[39m,
    [32m'Michael'[39m,
    [32m'Williams'[39m,
    [32m'7932 Main St'[39m,
    [32m'Los Angeles'[39m,
    [32m'302335'[39m,
    [32m'US'[39m,
    [32m'Apt 24393'[39m,
    [32m''[39m,
    [32m'NY'[39m,
    [32m'michael.williams3132628@example.com'[39m,
    [32m'(2159) 2537-9344124'[39m,
    [32m'Michael'[39m,
    [32m'Williams'[39m,
    [32m'7932 Main St'[39m,
    [32m'Los Angeles'[39m,
    [32m'302335'[39m,
    [32m'US'[39m,
    [32m'Apt 24393'[39m,
    [32m''[39m,
    [32m'NY'[39m
  ],
  [
    [32m'223'[39m,
    [32m'Football Net (qty: 1,price: 120)| Jacket (qty: 1,price: 25)| Socks (qty: 4,price: 400)| Logo Collection (qty: 5,price: 90)| Polo (qty: 5,price: 100)'[39m,
    [32m'wc-completed'[39m,
    [32m'16'[39m,
    [32m'FN030291| woo-fashion-jacket| woo-fashion-socks| logo-collection| woo-polo|'[39m,
    [32m'742'[39m,
    [32m'Jane'[39m,
    [32m'Brown'[39m,
    [32m'6653 Main St'[39m,
    [32m'Los Angeles'[39m,
    [32m'289708'[39m,
    [32m'AU'[39m,
    [32m'Apt 54289'[39m,
    [32m''[39m,
    [32m'WA'[39m,
    [32m'jane.brown772802@example.com'[39m,
    [32m'(3582) 3379-6847506'[39m,
    [32m'Jane'[39m,
    [32m'Brown'[39m,
    [32m'6653 Main St'[39m,
    [32m'Los Angeles'[39m,
    [32m'289708'[39m,
    [32m'AU'[39m,
    [32m'Apt 54289'[39m,
    [32m''[39m,
    [32m'WA'[39m
  ],
  [
    [32m'224'[39m,
    [32m'Shirt - Green (qty: 1,price: 20)'[39m,
    [32m'wc-completed'[39m,
    [32m'1'[39m,
    [32m'woo-fashion-shirt-green'[39m,
    [32m'43'[39m,
    [32m'Sarah'[39m,
    [32m'Williams'[39m,
    [32m'1131 Oak Ave'[39m,
    [32m'Houston'[39m,
    [32m'997357'[39m,
    [32m'GB'[39m,
    [32m'Apt 52297'[39m,
    [32m''[39m,
    [32m'KNT'[39m,
    [32m'sarah.williams3107773@example.com'[39m,
    [32m'(9762) 9125-3662263'[39m,
    [32m'Sarah'[39m,
    [32m'Williams'[39m,
    [32m'1131 Oak Ave'[39m,
    [32m'Houston'[39m,
    [32m'997357'[39m,
    [32m'GB'[39m,
    [32m'Apt 52297'[39m,
    [32m''[39m,
    [32m'KNT'[39m
  ],
  [
    [32m'225'[39m,
    [32m'** No Products **'[39m,
    [32m'wc-processing'[39m,
    [32m''[39m,
    [32m'** SKU is Empty **'[39m,
    [32m'0'[39m,
    [32m'Emma'[39m,
    [32m'Brown'[39m,
    [32m'9655 Main St'[39m,
    [32m'Chicago'[39m,
    [32m'463248'[39m,
    [32m'US'[39m,
    [32m''[39m,
    [32m''[39m,
    [32m'TX'[39m,
    [32m'emma.brown4399149@example.com'[39m,
    [32m'(2489) 2728-8252314'[39m,
    [32m'Emma'[39m,
    [32m'Brown'[39m,
    [32m'9655 Main St'[39m,
    [32m'Chicago'[39m,
    [32m'463248'[39m,
    [32m'US'[39m,
    [32m''[39m,
    [32m''[39m,
    [32m'TX'[39m
  ],
  [
    [32m'226'[39m,
    [32m'Football Net (qty: 1,price: 120)| Socks (qty: 2,price: 200)'[39m,
    [32m'wc-completed'[39m,
    [32m'3'[39m,
    [32m'FN030291| woo-fashion-socks|'[39m,
    [32m'320'[39m,
    [32m'Sarah'[39m,
    [32m'Johnson'[39m,
    [32m'8880 Oak Ave'[39m,
    [32m'Los Angeles'[39m,
    [32m'213906'[39m,
    [32m'AU'[39m,
    [32m''[39m,
    [32m''[39m,
    [32m'NSW'[39m,
    [32m'sarah.johnson8380604@example.com'[39m,
    [32m'(8081) 3446-4744488'[39m,
    [32m'Sarah'[39m,
    [32m'Johnson'[39m,
    [32m'8880 Oak Ave'[39m,
    [32m'Los Angeles'[39m,
    [32m'213906'[39m,
    [32m'AU'[39m,
    [32m''[39m,
    [32m''[39m,
    [32m'NSW'[39m
  ],
  [
    [32m'227'[39m,
    [32m'Shirt - Cream (qty: 4,price: 100)| Sunglasses (qty: 3,price: 270)| T-Shirt (qty: 1,price: 18)'[39m,
    [32m'wc-completed'[39m,
    [32m'8'[39m,
    [32m'woo-fashion-shirt-cream| woo-sunglasses| woo-tshirt|'[39m,
    [32m'404'[39m,
    [32m'David'[39m,
    [32m'Smith'[39m,
    [32m'7241 Oak Ave'[39m,
    [32m'Los Angeles'[39m,
    [32m'582837'[39m,
    [32m'GB'[39m,
    [32m'Apt 74776'[39m,
    [32m''[39m,
    [32m'BKM'[39m,
    [32m'david.smith643572@example.com'[39m,
    [32m'(5396) 9399-7243813'[39m,
    [32m'David'[39m,
    [32m'Smith'[39m,
    [32m'7241 Oak Ave'[39m,
    [32m'Los Angeles'[39m,
    [32m'582837'[39m,
    [32m'GB'[39m,
    [32m'Apt 74776'[39m,
    [32m''[39m,
    [32m'BKM'[39m
  ],
  [
    [32m'228'[39m,
    [32m'Polo (qty: 3,price: 60)| T-Shirt (qty: 3,price: 54)'[39m,
    [32m'wc-processing'[39m,
    [32m'6'[39m,
    [32m'woo-polo| woo-tshirt|'[39m,
    [32m'114'[39m,
    [32m'Jane'[39m,
    [32m'Smith'[39m,
    [32m'7163 Market St'[39m,
    [32m'Houston'[39m,
    [32m'310410'[39m,
    [32m'CA'[39m,
    [32m''[39m,
    [32m''[39m,
    [32m'AB'[39m,
    [32m'jane.smith6203887@example.com'[39m,
    [32m'(2831) 7418-285260'[39m,
    [32m'Jane'[39m,
    [32m'Smith'[39m,
    [32m'7163 Market St'[39m,
    [32m'Houston'[39m,
    [32m'310410'[39m,
    [32m'CA'[39m,
    [32m''[39m,
    [32m''[39m,
    [32m'AB'[39m
  ],
  [
    [32m'229'[39m,
    [32m'Shoes_updatefrom vgs (qty: 5,price: 90)| Cap (qty: 3,price: 48)'[39m,
    [32m'wc-completed'[39m,
    [32m'8'[39m,
    [32m'woo-fashion-shoes| woo-cap|'[39m,
    [32m'166'[39m,
    [32m'Michael'[39m,
    [32m'Smith'[39m,
    [32m'2558 Oak Ave'[39m,
    [32m'Chicago'[39m,
    [32m'536345'[39m,
    [32m'GB'[39m,
    [32m''[39m,
    [32m''[39m,
    [32m'ESX'[39m,
    [32m'michael.smith6857884@example.com'[39m,
    [32m'(3795) 2699-9064157'[39m,
    [32m'Michael'[39m,
    [32m'Smith'[39m,
    [32m'2558 Oak Ave'[39m,
    [32m'Chicago'[39m,
    [32m'536345'[39m,
    [32m'GB'[39m,
    [32m''[39m,
    [32m''[39m,
    [32m'ESX'[39m
  ],
  [
    [32m'230'[39m,
    [32m'Football Net (qty: 1,price: 120)| Cap (qty: 5,price: 80)| Belt (qty: 5,price: 275)'[39m,
    [32m'wc-completed'[39m,
    [32m'11'[39m,
    [32m'FN030291| woo-cap| woo-belt|'[39m,
    [32m'475'[39m,
    [32m'John'[39m,
    [32m'Jones'[39m,
    [32m'8856 Oak Ave'[39m,
    [32m'New York'[39m,
    [32m'131532'[39m,
    [32m'CA'[39m,
    [32m'Apt 77913'[39m,
    [32m''[39m,
    [32m'BC'[39m,
    [32m'john.jones5190015@example.com'[39m,
    [32m'(5112) 2002-5267498'[39m,
    [32m'John'[39m,
    [32m'Jones'[39m,
    [32m'8856 Oak Ave'[39m,
    [32m'New York'[39m,
    [32m'131532'[39m,
    [32m'CA'[39m,
    [32m'Apt 77913'[39m,
    [32m''[39m,
    [32m'BC'[39m
  ],
  [
    [32m'231'[39m,
    [32m'Jacket (qty: 4,price: 100)| Shirt (qty: 2,price: 36)| Polo (qty: 3,price: 60)| Sunglasses (qty: 4,price: 360)| Cap (qty: 3,price: 48)'[39m,
    [32m'wc-completed'[39m,
    [32m'16'[39m,
    [32m'woo-fashion-jacket| woo-fashion-shirt| woo-polo| woo-sunglasses| woo-cap|'[39m,
    [32m'622'[39m,
    [32m'David'[39m,
    [32m'Garcia'[39m,
    [32m'5365 Main St'[39m,
    [32m'Houston'[39m,
    [32m'150588'[39m,
    [32m'GB'[39m,
    [32m''[39m,
    [32m''[39m,
    [32m'BKM'[39m,
    [32m'david.garcia4383159@example.com'[39m,
    [32m'(5769) 7680-2419205'[39m,
    [32m'David'[39m,
    [32m'Garcia'[39m,
    [32m'5365 Main St'[39m,
    [32m'Houston'[39m,
    [32m'150588'[39m,
    [32m'GB'[39m,
    [32m''[39m,
    [32m''[39m,
    [32m'BKM'[39m
  ],
  [
    [32m'232'[39m,
    [32m'new variable (qty: 3,price: 300)| Hat_new_update_store (qty: 2,price: 30)| Shirt - Cream (qty: 1,price: 25)'[39m,
    [32m'wc-processing'[39m,
    [32m'6'[39m,
    [32m'** No SKU Found **| woo-fashion-hat| woo-fashion-shirt-cream|'[39m,
    [32m'368'[39m,
    [32m'Michael'[39m,
    [32m'Smith'[39m,
    [32m'5348 Oak Ave'[39m,
    [32m'Chicago'[39m,
    [32m'823281'[39m,
    [32m'AU'[39m,
    [32m'Apt 77059'[39m,
    [32m''[39m,
    [32m'WA'[39m,
    [32m'michael.smith8272294@example.com'[39m,
    [32m'(8260) 8751-6056327'[39m,
    [32m'Michael'[39m,
    [32m'Smith'[39m,
    [32m'5348 Oak Ave'[39m,
    [32m'Chicago'[39m,
    [32m'823281'[39m,
    [32m'AU'[39m,
    [32m'Apt 77059'[39m,
    [32m''[39m,
    [32m'WA'[39m
  ],
  [
    [32m'233'[39m,
    [32m'Jacket (qty: 1,price: 25)| Socks (qty: 2,price: 200)'[39m,
    [32m'wc-completed'[39m,
    [32m'3'[39m,
    [32m'woo-fashion-jacket| woo-fashion-socks|'[39m,
    [32m'225'[39m,
    [32m'Michael'[39m,
    [32m'Jones'[39m,
    [32m'1666 Market St'[39m,
    [32m'Los Angeles'[39m,
    [32m'903359'[39m,
    [32m'GB'[39m,
    [32m'Apt 23731'[39m,
    [32m''[39m,
    [32m'KNT'[39m,
    [32m'michael.jones2723887@example.com'[39m,
    [32m'(4337) 4766-9565715'[39m,
    [32m'Michael'[39m,
    [32m'Jones'[39m,
    [32m'1666 Market St'[39m,
    [32m'Los Angeles'[39m,
    [32m'903359'[39m,
    [32m'GB'[39m,
    [32m'Apt 23731'[39m,
    [32m''[39m,
    [32m'KNT'[39m
  ],
  [
    [32m'234'[39m,
    [32m'Football Net (qty: 1,price: 120)'[39m,
    [32m'wc-processing'[39m,
    [32m'1'[39m,
    [32m'FN030291'[39m,
    [32m'120'[39m,
    [32m'Michael'[39m,
    [32m'Williams'[39m,
    [32m'3163 Market St'[39m,
    [32m'New York'[39m,
    [32m'733242'[39m,
    [32m'AU'[39m,
    [32m''[39m,
    [32m''[39m,
    [32m'QLD'[39m,
    [32m'michael.williams5127313@example.com'[39m,
    [32m'(4685) 7031-9435076'[39m,
    [32m'Michael'[39m,
    [32m'Williams'[39m,
    [32m'3163 Market St'[39m,
    [32m'New York'[39m,
    [32m'733242'[39m,
    [32m'AU'[39m,
    [32m''[39m,
    [32m''[39m,
    [32m'QLD'[39m
  ],
  [
    [32m'235'[39m,
    [32m'Hat_new_update_store (qty: 3,price: 45)'[39m,
    [32m'wc-processing'[39m,
    [32m'3'[39m,
    [32m'woo-fashion-hat'[39m,
    [32m'64'[39m,
    [32m'Michael'[39m,
    [32m'Jones'[39m,
    [32m'6972 Oak Ave'[39m,
    [32m'New York'[39m,
    [32m'103102'[39m,
    [32m'AU'[39m,
    [32m''[39m,
    [32m''[39m,
    [32m'QLD'[39m,
    [32m'michael.jones363700@example.com'[39m,
    [32m'(3039) 3596-703386'[39m,
    [32m'Michael'[39m,
    [32m'Jones'[39m,
    [32m'6972 Oak Ave'[39m,
    [32m'New York'[39m,
    [32m'103102'[39m,
    [32m'AU'[39m,
    [32m''[39m,
    [32m''[39m,
    [32m'QLD'[39m
  ],
  [
    [32m'236'[39m,
    [32m'Logo Collection (qty: 5,price: 90)| Sunglasses (qty: 1,price: 90)| Cap (qty: 4,price: 64)| Belt (qty: 5,price: 275)'[39m,
    [32m'wc-completed'[39m,
    [32m'15'[39m,
    [32m'logo-collection| woo-sunglasses| woo-cap| woo-belt|'[39m,
    [32m'537'[39m,
    [32m'John'[39m,
    [32m'Garcia'[39m,
    [32m'4684 Main St'[39m,
    [32m'Los Angeles'[39m,
    [32m'101015'[39m,
    [32m'CA'[39m,
    [32m'Apt 56235'[39m,
    [32m''[39m,
    [32m'BC'[39m,
    [32m'john.garcia6787036@example.com'[39m,
    [32m'(4720) 6109-857248'[39m,
    [32m'John'[39m,
    [32m'Garcia'[39m,
    [32m'4684 Main St'[39m,
    [32m'Los Angeles'[39m,
    [32m'101015'[39m,
    [32m'CA'[39m,
    [32m'Apt 56235'[39m,
    [32m''[39m,
    [32m'BC'[39m
  ],
  [
    [32m'237'[39m,
    [32m'Football Net (qty: 1,price: 120)| Socks (qty: 4,price: 400)| Shirt (qty: 3,price: 54)| T-Shirt (qty: 2,price: 36)'[39m,
    [32m'wc-refunded'[39m,
    [32m'10'[39m,
    [32m'FN030291| woo-fashion-socks| woo-fashion-shirt| woo-tshirt|'[39m,
    [32m'629'[39m,
    [32m'Sarah'[39m,
    [32m'Garcia'[39m,
    [32m'7946 Oak Ave'[39m,
    [32m'Houston'[39m,
    [32m'272253'[39m,
    [32m'US'[39m,
    [32m'Apt 19071'[39m,
    [32m''[39m,
    [32m'FL'[39m,
    [32m'sarah.garcia5993638@example.com'[39m,
    [32m'(9020) 4598-5016201'[39m,
    [32m'Sarah'[39m,
    [32m'Garcia'[39m,
    [32m'7946 Oak Ave'[39m,
    [32m'Houston'[39m,
    [32m'272253'[39m,
    [32m'US'[39m,
    [32m'Apt 19071'[39m,
    [32m''[39m,
    [32m'FL'[39m
  ],
  ... 88 more items
]
Google Sheet Order Info: [
  [32m'816'[39m,
  [32m'wppool (qty: 1price: 0)'[39m,
  [32m'wc-completed'[39m,
  [32m'1'[39m,
  [32m'** No SKU Found **'[39m,
  [32m'0'[39m,
  [32m'Litzy'[39m,
  [32m'Wehner'[39m,
  [32m'5861 Sipes Summit'[39m,
  [32m'Greensboro'[39m,
  [32m'37844-0606'[39m,
  [32m'US'[39m,
  [32m''[39m,
  [32m''[39m,
  [32m'Arizona'[39m,
  [32m'Madelynn.Franecki31@hotmail.com'[39m,
  [32m'992.740.8905'[39m,
  [32m'Emanuel'[39m,
  [32m'Tromp'[39m,
  [32m'838 Green Park'[39m,
  [32m'Janaeshire'[39m,
  [32m'43654-5293'[39m,
  [32m'US'[39m,
  [32m''[39m,
  [32m''[39m,
  [32m'Connecticut'[39m
]
Created Orders Array: [
  {
    id: [33m816[39m,
    product_names: [32m'wppool'[39m,
    status: [32m'completed'[39m,
    total_items: [33m1[39m,
    sku: [32m'** No SKU Found **'[39m,
    total_price: [32m'0.00'[39m,
    total_discount: [32m'0.00'[39m,
    billing: {
      first_name: [32m'Litzy'[39m,
      last_name: [32m'Wehner'[39m,
      company: [32m''[39m,
      address_1: [32m'5861 Sipes Summit'[39m,
      address_2: [32m''[39m,
      city: [32m'Greensboro'[39m,
      state: [32m'Arizona'[39m,
      postcode: [32m'37844-0606'[39m,
      country: [32m'US'[39m,
      email: [32m'Madelynn.Franecki31@hotmail.com'[39m,
      phone: [32m'992.740.8905'[39m
    },
    shipping: {
      first_name: [32m'Emanuel'[39m,
      last_name: [32m'Tromp'[39m,
      company: [32m''[39m,
      address_1: [32m'838 Green Park'[39m,
      address_2: [32m''[39m,
      city: [32m'Janaeshire'[39m,
      state: [32m'Connecticut'[39m,
      postcode: [32m'43654-5293'[39m,
      country: [32m'US'[39m,
      phone: [32m''[39m
    },
    order_date: [32m'2025-08-12T09:52:29'[39m,
    payment_method: [32m'cod'[39m,
    customer_note: [32m''[39m,
    order_placed_by: [32m'API'[39m,
    order_url: [32m'https://testenv.wppool.dev//wp-admin/post.php?post=816&action=edit'[39m,
    order_note: [32m''[39m
  }
]
]]>
</system-out>
</testcase>
</testsuite>
<testsuite name="testcase\ultimateSettings.spec.js" timestamp="2025-08-12T09:47:00.173Z" hostname="chromium" tests="29" failures="0" skipped="0" time="539.343" errors="0">
<testcase name="Ultimate Settings Toggle Validation › Ultimate Settings Order Status Validation" classname="testcase\ultimateSettings.spec.js" time="13.252">
<system-out>
<![CDATA[✅ "Order Status" has valid value at C2: wc-on-hold
]]>
</system-out>
</testcase>
<testcase name="Ultimate Settings Toggle Validation › Ultimate Settings Total Items Validation" classname="testcase\ultimateSettings.spec.js" time="12.279">
<system-out>
<![CDATA[✅ "Total Items" has valid value at D2: 1
]]>
</system-out>
</testcase>
<testcase name="Ultimate Settings Toggle Validation › Ultimate Settings Product SKU Validation" classname="testcase\ultimateSettings.spec.js" time="12.872">
<system-out>
<![CDATA[✅ "Product SKU" has optional value at E2: woo-fashion-hat
]]>
</system-out>
</testcase>
<testcase name="Ultimate Settings Toggle Validation › Ultimate Settings Total Price Validation" classname="testcase\ultimateSettings.spec.js" time="12.746">
<system-out>
<![CDATA[✅ "Total Price" has valid value at F2: 15
]]>
</system-out>
</testcase>
<testcase name="Ultimate Settings Toggle Validation › Ultimate Settings Total Discount Validation" classname="testcase\ultimateSettings.spec.js" time="12.774">
<system-out>
<![CDATA[✅ "Total Discount" has optional value at AC2: 0
]]>
</system-out>
</testcase>
<testcase name="Ultimate Settings Toggle Validation › Ultimate Settings Order Date Validation" classname="testcase\ultimateSettings.spec.js" time="13.002">
<system-out>
<![CDATA[✅ "Order Date" has valid value at AD2: 2025-08-03 4:50:55
]]>
</system-out>
</testcase>
<testcase name="Ultimate Settings Toggle Validation › Ultimate Settings Payment Method Validation" classname="testcase\ultimateSettings.spec.js" time="12.734">
<system-out>
<![CDATA[✅ "Payment Method" has optional value at AE2: Cash on delivery
]]>
</system-out>
</testcase>
<testcase name="Ultimate Settings Toggle Validation › Ultimate Settings Customer Note Validation" classname="testcase\ultimateSettings.spec.js" time="12.172">
<system-out>
<![CDATA[⚠️ "Customer Note" is optional and empty at AG2
]]>
</system-out>
</testcase>
<testcase name="Ultimate Settings Toggle Validation › Ultimate Settings Order Note Validation" classname="testcase\ultimateSettings.spec.js" time="12.63">
<system-out>
<![CDATA[✅ "Order Note" has optional value at AJ2: Stock hold of 60 minutes applied to: <br>- Hat_new_update_store (woo-fashion-hat) &times; 1, Order status changed from Draft to Pending payment., Stock levels reduced: Hat_new_update_store (woo-fashion-hat) 100&rarr;99, Payment to be made upon delivery. Order status changed from Pending payment to Processing., Order status changed from Processing to Draft., Stock levels increased: Hat_new_update_store (woo-fashion-hat) 51&rarr;52, Order status changed from Draft to Pending payment., Order status set to refunded. To return funds to the customer you will need to issue a refund through your payment gateway., Order status changed from Pending payment to Refunded., Order status changed from Refunded to Failed., Order status changed from Failed to Completed., Order status changed from Completed to Pending payment., Order status changed from Pending payment to On hold., Order status changed from On hold to Refunded., Order status changed from Refunded to Pending payment. Order status changed from Pending payment to
]]>
</system-out>
</testcase>
<testcase name="Ultimate Settings Toggle Validation › Ultimate Settings Order Placed by Validation" classname="testcase\ultimateSettings.spec.js" time="13.129">
<system-out>
<![CDATA[✅ "Order Placed by" has valid value at AH2: Anonymous user
]]>
</system-out>
</testcase>
<testcase name="Ultimate Settings Toggle Validation › Ultimate Settings Order URL Validation" classname="testcase\ultimateSettings.spec.js" time="12.884">
<system-out>
<![CDATA[✅ "Order URL" has valid value at AI2: https://testenv.wppool.dev/wp-admin/post.php?post=125&action=edit
]]>
</system-out>
</testcase>
<testcase name="Ultimate Settings Toggle Validation › Ultimate Settings Transaction ID Validation" classname="testcase\ultimateSettings.spec.js" time="13.634">
<system-out>
<![CDATA[⚠️ "Transaction ID" is optional and empty at AF2
]]>
</system-out>
</testcase>
<testcase name="Ultimate Settings Toggle Validation › Ultimate Settings Display Billing Address Validation" classname="testcase\ultimateSettings.spec.js" time="19.662">
<system-out>
<![CDATA[✅ Billing Details found at column G: test user Address 1: south City: dhaka  Country: BD   State: BD-13 Email: testuser@gmail.com
]]>
</system-out>
</testcase>
<testcase name="Ultimate Settings Toggle Validation › Ultimate Settings Display Shipping Address Validation" classname="testcase\ultimateSettings.spec.js" time="12.977">
<system-out>
<![CDATA[Toggle is already disabled. No action taken.
✅ Shipping Details found at column H: test user Address 1: south City: dhaka  Country: BD   State: BD-13
]]>
</system-out>
</testcase>
<testcase name="Ultimate Settings Toggle Validation › Ultimate Settings - Use separate columns for shipping &amp; billing information" classname="testcase\ultimateSettings.spec.js" time="23.119">
<system-out>
<![CDATA[Found headers: [
  [32m'Order ID'[39m,
  [32m'Product Names'[39m,
  [32m'Order Status'[39m,
  [32m'Total Items'[39m,
  [32m'Product SKU'[39m,
  [32m'Total Price'[39m,
  [32m'Billing First Name'[39m,
  [32m'Billing Last Name'[39m,
  [32m'Billing Address 1'[39m,
  [32m'Billing City'[39m,
  [32m'Billing Postcode'[39m,
  [32m'Billing Country'[39m,
  [32m'Billing Address 2'[39m,
  [32m'Billing Company'[39m,
  [32m'Billing State'[39m,
  [32m'Billing Email'[39m,
  [32m'Billing Phone'[39m,
  [32m'Shipping First Name'[39m,
  [32m'Shipping Last Name'[39m,
  [32m'Shipping Address 1'[39m,
  [32m'Shipping City'[39m,
  [32m'Shipping Postcode'[39m,
  [32m'Shipping Country'[39m,
  [32m'Shipping Address 2'[39m,
  [32m'Shipping Company'[39m,
  [32m'Shipping State'[39m,
  [32m'Shipping Email'[39m,
  [32m'Shipping Phone'[39m,
  [32m'Total Discount'[39m,
  [32m'Order Date'[39m,
  [32m'Payment Method'[39m,
  [32m'Transaction ID'[39m,
  [32m'Customer Note'[39m,
  [32m'Order Placed by'[39m,
  [32m'Order URL'[39m,
  [32m'Order Note'[39m,
  [32m'_billing_address_index'[39m,
  [32m'_shipping_address_index'[39m
]
Missing headers: []
]]>
</system-out>
</testcase>
<testcase name="Ultimate Settings Toggle Validation › Ultimate Settings use separate rows to show multiple products of an order" classname="testcase\ultimateSettings.spec.js" time="23.198">
<system-out>
<![CDATA[Found 2 product rows for Order ID: 125
]]>
</system-out>
</testcase>
<testcase name="Ultimate Settings Toggle Validation › Ultimate Settings - Show Individual Product Validation" classname="testcase\ultimateSettings.spec.js" time="22.682">
<system-out>
<![CDATA[Found "Product Names" in column B: Hat_new_update_store (qty: 1,price: 15)
Product validation results:
✅ Valid: Hat_new_update_store (qty: 1,price: 15)
]]>
</system-out>
</testcase>
<testcase name="Ultimate Settings Toggle Validation › Ultimate Settings - Validate Product Names are separated by Comma" classname="testcase\ultimateSettings.spec.js" time="22.501">
<system-out>
<![CDATA[Found multi-product order in row 2: Hat_new_update_store (qty: 1,price: 15)
✅ Comma-separated products: [ [32m'Hat_new_update_store (qty: 1'[39m, [32m'price: 15)'[39m ]
]]>
</system-out>
</testcase>
<testcase name="Ultimate Settings Toggle Validation › Ultimate Settings - Validate Product Names are separated by Semicolon" classname="testcase\ultimateSettings.spec.js" time="22.897">
<system-out>
<![CDATA[Found multi-product order in row 11: Shirt - Cream (qty: 4,price: 100); Logo Collection (qty: 1,price: 18); Sunglasses (qty: 5,price: 450); Beanie (qty: 3,price: 54)
✅ Semicolon-separated products: [
  [32m'Shirt - Cream (qty: 4,price: 100)'[39m,
  [32m'Logo Collection (qty: 1,price: 18)'[39m,
  [32m'Sunglasses (qty: 5,price: 450)'[39m,
  [32m'Beanie (qty: 3,price: 54)'[39m
]
]]>
</system-out>
</testcase>
<testcase name="Ultimate Settings Toggle Validation › Ultimate Settings - Validate Product Names are separated by Vertical Bar" classname="testcase\ultimateSettings.spec.js" time="23.345">
<system-out>
<![CDATA[Found multi-product order in row 11: Shirt - Cream (qty: 4,price: 100)| Logo Collection (qty: 1,price: 18)| Sunglasses (qty: 5,price: 450)| Beanie (qty: 3,price: 54)
✅ Vertical Bar-separated products: [
  [32m'Shirt - Cream (qty: 4,price: 100)'[39m,
  [32m'Logo Collection (qty: 1,price: 18)'[39m,
  [32m'Sunglasses (qty: 5,price: 450)'[39m,
  [32m'Beanie (qty: 3,price: 54)'[39m
]
]]>
</system-out>
</testcase>
<testcase name="Ultimate Settings Toggle Validation › Ultimate Settings Sync Order Custom Fields Validation" classname="testcase\ultimateSettings.spec.js" time="23.939">
<system-out>
<![CDATA[Billing field: test user  south  dhaka BD-13  BD testuser@gmail.com
Shipping field: test user  south  dhaka BD-13  BD
]]>
</system-out>
</testcase>
<testcase name="Ultimate Settings Toggle Validation › Ultimate Settings - Order Date Ascending Sort Validation on Google Sheets" classname="testcase\ultimateSettings.spec.js" time="23.771">
<system-out>
<![CDATA[Validation attempt 1 of 3
First 5 values (asc check): [
  [33m1746418881000[39m,
  [33m1746505276000[39m,
  [33m1746505304000[39m,
  [33m1746591719000[39m,
  [33m1746591723000[39m
]
Last 5 values: [
  [33m1753503711000[39m,
  [33m1753762888000[39m,
  [33m1753849279000[39m,
  [33m1753935683000[39m,
  [33m1754022087000[39m
]
✅ All values are properly sorted in asc order
]]>
</system-out>
</testcase>
<testcase name="Ultimate Settings Toggle Validation › Ultimate Settings - Order Date Descending Sort Validation on Google Sheets" classname="testcase\ultimateSettings.spec.js" time="23.871">
<system-out>
<![CDATA[Validation attempt 1 of 3
First 5 values (desc check): [
  [33m1754970749000[39m,
  [33m1754970729000[39m,
  [33m1754970688000[39m,
  [33m1754970558000[39m,
  [33m1754970503000[39m
]
Last 5 values: [
  [33m1753417309000[39m,
  [33m1753330916000[39m,
  [33m1753244500000[39m,
  [33m1753158122000[39m,
  [33m1753158095000[39m
]
✅ All values are properly sorted in desc order
]]>
</system-out>
</testcase>
<testcase name="Ultimate Settings Toggle Validation › Ultimate Settings - Order Price Ascending Sort Validation on Google Sheets" classname="testcase\ultimateSettings.spec.js" time="24.332">
<system-out>
<![CDATA[Validation attempt 1 of 3
First 5 values (asc check): [ [33m0[39m, [33m0[39m, [33m0[39m, [33m0[39m, [33m0[39m ]
Last 5 values: [ [33m113[39m, [33m114[39m, [33m118[39m, [33m120[39m, [33m120[39m ]
✅ All values are properly sorted in asc order
]]>
</system-out>
</testcase>
<testcase name="Ultimate Settings Toggle Validation › Ultimate Settings - Order Price Descending Sort Validation on Google Sheets" classname="testcase\ultimateSettings.spec.js" time="23.367">
<system-out>
<![CDATA[Validation attempt 1 of 3
First 5 values (desc check): [ [33m1142[39m, [33m1095[39m, [33m1084[39m, [33m966[39m, [33m950[39m ]
Last 5 values: [ [33m109[39m, [33m106[39m, [33m100[39m, [33m91[39m, [33m90[39m ]
✅ All values are properly sorted in desc order
]]>
</system-out>
</testcase>
<testcase name="Ultimate Settings Toggle Validation › Ultimate Settings - Order Items Ascending Sort Validation on Google Sheets" classname="testcase\ultimateSettings.spec.js" time="24.629">
<system-out>
<![CDATA[Validation attempt 1 of 3
First 5 values (asc check): [ [33m1[39m, [33m1[39m, [33m1[39m, [33m1[39m, [33m1[39m ]
Last 5 values: [ [33m3[39m, [33m3[39m, [33m3[39m, [33m3[39m, [33m3[39m ]
✅ All values are properly sorted in asc order
]]>
</system-out>
</testcase>
<testcase name="Ultimate Settings Toggle Validation › Ultimate Settings - Order Items Descending Sort Validation on Google Sheets" classname="testcase\ultimateSettings.spec.js" time="24.662">
<system-out>
<![CDATA[Validation attempt 1 of 3
First 5 values (desc check): [ [33m19[39m, [33m18[39m, [33m18[39m, [33m18[39m, [33m17[39m ]
Last 5 values: [ [33m2[39m, [33m1[39m, [33m1[39m, [33m1[39m, [33m1[39m ]
✅ All values are properly sorted in desc order
]]>
</system-out>
</testcase>
<testcase name="Ultimate Settings Toggle Validation › Ultimate Settings - Order ID Descending Sort Validation on Google Sheets" classname="testcase\ultimateSettings.spec.js" time="22.954">
<system-out>
<![CDATA[Validation attempt 1 of 3
First 5 values (desc check): [ [33m816[39m, [33m815[39m, [33m814[39m, [33m813[39m, [33m812[39m ]
Last 5 values: [ [33m231[39m, [33m230[39m, [33m229[39m, [33m228[39m, [33m227[39m ]
✅ All values are properly sorted in desc order
]]>
</system-out>
</testcase>
<testcase name="Ultimate Settings Toggle Validation › Ultimate Settings - Order ID Ascending Sort Validation on Google Sheets" classname="testcase\ultimateSettings.spec.js" time="23.329">
<system-out>
<![CDATA[Validation attempt 1 of 3
First 5 values (asc check): [ [33m125[39m, [33m126[39m, [33m134[39m, [33m135[39m, [33m138[39m ]
Last 5 values: [ [33m232[39m, [33m233[39m, [33m234[39m, [33m235[39m, [33m236[39m ]
✅ All values are properly sorted in asc order
]]>
</system-out>
</testcase>
</testsuite>
<testsuite name="testcase\updateOrderStatus.spec.js" timestamp="2025-08-12T09:47:00.173Z" hostname="chromium" tests="4" failures="0" skipped="0" time="56.34" errors="0">
<testcase name="Google Sheets to WooCommerce Order Status Sync › should fetch and verify current order status" classname="testcase\updateOrderStatus.spec.js" time="0.77">
<system-out>
<![CDATA[Current Status of Order ID 125: wc-on-hold
]]>
</system-out>
</testcase>
<testcase name="Google Sheets to WooCommerce Order Status Sync › should update order status to a new valid status" classname="testcase\updateOrderStatus.spec.js" time="5.029">
<system-out>
<![CDATA[Order ID 125 status updated to "wc-checkout-draft" in Google Sheets
Order 125 status updated in WooCommerce to checkout-draft
Updated status from wc-on-hold to wc-checkout-draft
Updated Orders Array: [ { id: [32m'125'[39m, status: [32m'wc-checkout-draft'[39m } ]
]]>
</system-out>
</testcase>
<testcase name="Google Sheets to WooCommerce Order Status Sync › should validate status update in WooCommerce" classname="testcase\updateOrderStatus.spec.js" time="0.906">
<system-out>
<![CDATA[Verified WooCommerce status for Order ID 125: checkout-draft
]]>
</system-out>
</testcase>
<testcase name="Google Sheets to WooCommerce Order Status Sync › should bulk update and verify status for first 10 orders" classname="testcase\updateOrderStatus.spec.js" time="49.635">
<system-out>
<![CDATA[Updating order 125 from wc-checkout-draft to wc-completed
Order ID 125 status updated to "wc-completed" in Google Sheets
Order 125 status updated in WooCommerce to completed
Updating order 126 from wc-checkout-draft to wc-failed
Order ID 126 status updated to "wc-failed" in Google Sheets
Order 126 status updated in WooCommerce to failed
Updating order 134 from wc-pending to wc-checkout-draft
Order ID 134 status updated to "wc-checkout-draft" in Google Sheets
Order 134 status updated in WooCommerce to checkout-draft
Updating order 135 from wc-on-hold to wc-checkout-draft
Order ID 135 status updated to "wc-checkout-draft" in Google Sheets
Order 135 status updated in WooCommerce to checkout-draft
Updating order 138 from wc-completed to wc-pending
Order ID 138 status updated to "wc-pending" in Google Sheets
Order 138 status updated in WooCommerce to pending
Updating order 141 from wc-completed to wc-on-hold
Order ID 141 status updated to "wc-on-hold" in Google Sheets
Order 141 status updated in WooCommerce to on-hold
Updating order 142 from wc-pending to wc-processing
Order ID 142 status updated to "wc-processing" in Google Sheets
Order 142 status updated in WooCommerce to processing
Updating order 143 from wc-on-hold to wc-processing
Order ID 143 status updated to "wc-processing" in Google Sheets
Order 143 status updated in WooCommerce to processing
Updating order 146 from wc-cancelled to wc-on-hold
Order ID 146 status updated to "wc-on-hold" in Google Sheets
Order 146 status updated in WooCommerce to on-hold
Updating order 147 from wc-refunded to wc-processing
Order ID 147 status updated to "wc-processing" in Google Sheets
Order 147 status updated in WooCommerce to processing
Verified update for Order 125: completed
Verified update for Order 126: failed
Verified update for Order 134: checkout-draft
Verified update for Order 135: checkout-draft
Verified update for Order 138: pending
Verified update for Order 141: on-hold
Verified update for Order 142: processing
Verified update for Order 143: processing
Verified update for Order 146: on-hold
Verified update for Order 147: processing
Successfully updated and verified 10 orders
]]>
</system-out>
</testcase>
</testsuite>
</testsuites>